Using pre-set license
Built from '2022.3/staging' branch; Version is '2022.3.45f1 (a13dfa44d684) revision 10567162'; Using compiler version '192829333'; Build Type 'Release'
OS: 'Windows 11  (10.0.26100) 64bit CoreSingleLanguage' Language: 'en' Physical Memory: 15654 MB
BatchMode: 1, IsHumanControllingUs: 0, StartBugReporterOnCrash: 0, Is64bit: 1, IsPro: 1

COMMAND LINE ARGUMENTS:
D:\developments\Game Development\2022.3.45f1\Editor\Unity.exe
-adb2
-batchMode
-noUpm
-name
AssetImportWorker0
-projectPath
D:/developments/Game Development/car racing/New Unity Project
-logFile
Logs/AssetImportWorker0.log
-srvPort
52622
Successfully changed project path to: D:/developments/Game Development/car racing/New Unity Project
D:/developments/Game Development/car racing/New Unity Project
[UnityMemory] Configuration Parameters - Can be set up in boot.config
    "memorysetup-bucket-allocator-granularity=16"
    "memorysetup-bucket-allocator-bucket-count=8"
    "memorysetup-bucket-allocator-block-size=33554432"
    "memorysetup-bucket-allocator-block-count=8"
    "memorysetup-main-allocator-block-size=16777216"
    "memorysetup-thread-allocator-block-size=16777216"
    "memorysetup-gfx-main-allocator-block-size=16777216"
    "memorysetup-gfx-thread-allocator-block-size=16777216"
    "memorysetup-cache-allocator-block-size=4194304"
    "memorysetup-typetree-allocator-block-size=2097152"
    "memorysetup-profiler-bucket-allocator-granularity=16"
    "memorysetup-profiler-bucket-allocator-bucket-count=8"
    "memorysetup-profiler-bucket-allocator-block-size=33554432"
    "memorysetup-profiler-bucket-allocator-block-count=8"
    "memorysetup-profiler-allocator-block-size=16777216"
    "memorysetup-profiler-editor-allocator-block-size=1048576"
    "memorysetup-temp-allocator-size-main=16777216"
    "memorysetup-job-temp-allocator-block-size=2097152"
    "memorysetup-job-temp-allocator-block-size-background=1048576"
    "memorysetup-job-temp-allocator-reduction-small-platforms=262144"
    "memorysetup-allocator-temp-initial-block-size-main=262144"
    "memorysetup-allocator-temp-initial-block-size-worker=262144"
    "memorysetup-temp-allocator-size-background-worker=32768"
    "memorysetup-temp-allocator-size-job-worker=262144"
    "memorysetup-temp-allocator-size-preload-manager=33554432"
    "memorysetup-temp-allocator-size-nav-mesh-worker=65536"
    "memorysetup-temp-allocator-size-audio-worker=65536"
    "memorysetup-temp-allocator-size-cloud-worker=32768"
    "memorysetup-temp-allocator-size-gi-baking-worker=262144"
    "memorysetup-temp-allocator-size-gfx=262144"
Player connection [29080]  Target information:

Player connection [29080]  * "[IP] 192.168.192.38 [Port] 0 [Flags] 2 [Guid] 505839576 [EditorId] 505839576 [Version] 1048832 [Id] WindowsEditor(7,LAPTOP-1K0V8VBV) [Debug] 1 [PackageName] WindowsEditor [ProjectName] Editor" 

Player connection [29080] Host joined multi-casting on [225.0.0.222:54997]...
Player connection [29080] Host joined alternative multi-casting on [225.0.0.222:34997]...
[PhysX] Initialized MultithreadedTaskDispatcher with 16 workers.
Refreshing native plugins compatible for Editor in 4.10 ms, found 2 plugins.
Preloading 0 native plugins for Editor in 0.00 ms.
Initialize engine version: 2022.3.45f1 (a13dfa44d684)
[Subsystems] Discovering subsystems at path D:/developments/Game Development/2022.3.45f1/Editor/Data/Resources/UnitySubsystems
[Subsystems] Discovering subsystems at path D:/developments/Game Development/car racing/New Unity Project/Assets
GfxDevice: creating device client; threaded=0; jobified=0
Direct3D:
    Version:  Direct3D 11.0 [level 11.1]
    Renderer: NVIDIA GeForce RTX 4050 Laptop GPU (ID=0x28a1)
    Vendor:   NVIDIA
    VRAM:     5921 MB
    Driver:   32.0.15.6636
Initialize mono
Mono path[0] = 'D:/developments/Game Development/2022.3.45f1/Editor/Data/Managed'
Mono path[1] = 'D:/developments/Game Development/2022.3.45f1/Editor/Data/MonoBleedingEdge/lib/mono/unityjit-win32'
Mono config path = 'D:/developments/Game Development/2022.3.45f1/Editor/Data/MonoBleedingEdge/etc'
Using monoOptions --debugger-agent=transport=dt_socket,embedding=1,server=y,suspend=n,address=127.0.0.1:56184
Begin MonoManager ReloadAssembly
Registering precompiled unity dll's ...
Register platform support module: D:/developments/Game Development/2022.3.45f1/Editor/Data/PlaybackEngines/AndroidPlayer/UnityEditor.Android.Extensions.dll
Register platform support module: D:/developments/Game Development/2022.3.45f1/Editor/Data/PlaybackEngines/WindowsStandaloneSupport/UnityEditor.WindowsStandalone.Extensions.dll
Registered in 0.003687 seconds.
- Loaded All Assemblies, in  0.268 seconds
Native extension for WindowsStandalone target not found
Native extension for Android target not found
Android Extension - Scanning For ADB Devices 384 ms
Mono: successfully reloaded assembly
- Finished resetting the current domain, in  0.617 seconds
Domain Reload Profiling: 885ms
	BeginReloadAssembly (93ms)
		ExecutionOrderSort (0ms)
		DisableScriptedObjects (0ms)
		BackupInstance (0ms)
		ReleaseScriptingObjects (0ms)
		CreateAndSetChildDomain (1ms)
	RebuildCommonClasses (24ms)
	RebuildNativeTypeToScriptingClass (7ms)
	initialDomainReloadingComplete (36ms)
	LoadAllAssembliesAndSetupDomain (107ms)
		LoadAssemblies (93ms)
		RebuildTransferFunctionScriptingTraits (0ms)
		AnalyzeDomain (105ms)
			TypeCache.Refresh (103ms)
				TypeCache.ScanAssembly (94ms)
			ScanForSourceGeneratedMonoScriptInfo (0ms)
			ResolveRequiredComponents (0ms)
	FinalizeReload (617ms)
		ReleaseScriptCaches (0ms)
		RebuildScriptCaches (0ms)
		SetupLoadedEditorAssemblies (581ms)
			LogAssemblyErrors (0ms)
			InitializePlatformSupportModulesInManaged (440ms)
			SetLoadedEditorAssemblies (3ms)
			RefreshPlugins (0ms)
			BeforeProcessingInitializeOnLoad (1ms)
			ProcessInitializeOnLoadAttributes (94ms)
			ProcessInitializeOnLoadMethodAttributes (42ms)
			AfterProcessingInitializeOnLoad (0ms)
			EditorAssembliesLoaded (0ms)
		ExecutionOrderSort2 (0ms)
		AwakeInstancesAfterBackupRestoration (0ms)
========================================================================
Worker process is ready to serve import requests
Caller must complete domain reload
Begin MonoManager ReloadAssembly
- Loaded All Assemblies, in  0.412 seconds
Native extension for WindowsStandalone target not found
Native extension for Android target not found
Package Manager log level set to [2]
[Package Manager] Server::EnsureServerProcessIsRunning -- launch failed, reason: Unity was launched with the -noUpm command-line argument
[Package Manager] UpmClient::Send -- Unable to send message (not connected to UPM process).
[Package Manager] Cannot connect to Unity Package Manager local server
Mono: successfully reloaded assembly
- Finished resetting the current domain, in  0.428 seconds
Domain Reload Profiling: 841ms
	BeginReloadAssembly (113ms)
		ExecutionOrderSort (0ms)
		DisableScriptedObjects (4ms)
		BackupInstance (0ms)
		ReleaseScriptingObjects (0ms)
		CreateAndSetChildDomain (21ms)
	RebuildCommonClasses (23ms)
	RebuildNativeTypeToScriptingClass (7ms)
	initialDomainReloadingComplete (26ms)
	LoadAllAssembliesAndSetupDomain (243ms)
		LoadAssemblies (224ms)
		RebuildTransferFunctionScriptingTraits (0ms)
		AnalyzeDomain (82ms)
			TypeCache.Refresh (73ms)
				TypeCache.ScanAssembly (60ms)
			ScanForSourceGeneratedMonoScriptInfo (6ms)
			ResolveRequiredComponents (3ms)
	FinalizeReload (428ms)
		ReleaseScriptCaches (0ms)
		RebuildScriptCaches (0ms)
		SetupLoadedEditorAssemblies (329ms)
			LogAssemblyErrors (0ms)
			InitializePlatformSupportModulesInManaged (11ms)
			SetLoadedEditorAssemblies (2ms)
			RefreshPlugins (0ms)
			BeforeProcessingInitializeOnLoad (31ms)
			ProcessInitializeOnLoadAttributes (266ms)
			ProcessInitializeOnLoadMethodAttributes (18ms)
			AfterProcessingInitializeOnLoad (2ms)
			EditorAssembliesLoaded (0ms)
		ExecutionOrderSort2 (0ms)
		AwakeInstancesAfterBackupRestoration (6ms)
Launched and connected shader compiler UnityShaderCompiler.exe after 0.05 seconds
Refreshing native plugins compatible for Editor in 0.64 ms, found 2 plugins.
Preloading 0 native plugins for Editor in 0.00 ms.
Unloading 1686 Unused Serialized files (Serialized files now loaded: 0)
Unloading 27 unused Assets / (126.2 KB). Loaded Objects now: 2168.
Memory consumption went from 89.4 MB to 89.3 MB.
Total: 9.574000 ms (FindLiveObjects: 0.382100 ms CreateObjectMapping: 0.077000 ms MarkObjects: 8.743800 ms  DeleteObjects: 0.362400 ms)

AssetImportParameters requested are different than current active one (requested -> active):
  custom:video-decoder-webm-vp8: 9c59270c3fd7afecdb556c50c9e8de78 -> 
  custom:SearchIndexIgnoredProperties: e643bd26f0fe6173181afceb89e7c659 -> 
  custom:container-demuxer-ogg: 62fdf1f143b41e24485cea50d1cbac27 -> 
  custom:AudioImporter_EditorPlatform: d09bf68614088b80899f8185d706f6e7 -> 
  custom:video-codec-MediaFoundation-h265: 746d11721c4dcdbdad8f713fa42b33f4 -> 
  custom:video-decoder-ogg-theora: a1e56fd34408186e4bbccfd4996cb3dc -> 
  custom:framework-win-MediaFoundation: 216162199b28c13a410421893ffa2e32 -> 
  custom:scripting/monoscript/fileName/DropdownOptionListDrawer.cs: 2b2ea9c97f9351f45324b7dd26de9002 -> 4362475bc384312c771d88865ee2f40d
  custom:video-encoder-webm-vp8: eb34c28f22e8b96e1ab97ce403110664 -> 
  custom:audio-decoder-ogg-vorbis: bf7c407c2cedff20999df2af8eb42d56 -> 
  custom:CustomObjectIndexerAttribute: 9a22284fe3817be447336de3de66b15e -> 
  custom:container-demuxer-webm: 4f35f7cbe854078d1ac9338744f61a02 -> 
  custom:audio-encoder-webm-vorbis: bf7c407c2cedff20999df2af8eb42d56 -> 
  custom:container-muxer-webm: aa71ff27fc2769a1b78a27578f13a17b -> 
  custom:scripting/monoscript/fileName/TMP_FontFeatureTable.cs:  -> cbd25d300d7ed4d969d60cb9f98f2826
  custom:scripting/monoscript/fileName/TMP_SDFShaderGUI.cs:  -> 1460619486eb6e8da302e26af5538aaa
  custom:scripting/monoscript/fileName/NavMeshSurface.cs:  -> 34aebd278d8d3d5db6b23265b9c700f9
  custom:scripting/precompiled-assembly-types:Unity.AI.Navigation.Editor:  -> 7eaf38f66973fde07200cf372b24130e
  custom:scripting/monoscript/fileName/TMPro_EventManager.cs:  -> 4c7492301243f935f7a463360f91d217
  custom:scripting/monoscript/fileName/GlyphRectPropertyDrawer.cs:  -> bdec415148eac17379112822c8814df5
  custom:scripting/monoscript/fileName/TMP_SubMeshUI.cs:  -> 748262c65738bc5e1c553ae7a37a0c73
  custom:scripting/monoscript/fileName/HelpUrls.cs:  -> c1a90585e3e9c9d25f58f9141655f24f
  custom:scripting/monoscript/fileName/TMPro_UGUI_Private.cs:  -> 90647cc400823b41df847a6cbfc29026
  custom:scripting/precompiled-assembly-types:Unity.AI.Navigation:  -> 5d8fa505e3253b9a2a456e2c28a1afb3
  custom:scripting/monoscript/fileName/TMPro_ContextMenus.cs:  -> 06b3d4b27f337b8d846ca7117f3251e1
  custom:scripting/monoscript/fileName/TMP_TextElement_Legacy.cs:  -> 6e11e173cb695b15e8cce3cd1e1cb2a7
  custom:scripting/monoscript/fileName/TMP_EditorResourceManager.cs:  -> f56b80268a934198a76acc6f4cef503c
  custom:scripting/monoscript/fileName/TMPro_FontAssetCreatorWindow.cs:  -> 0d0900483ed9b57d4ccc2ff58d1220b3
  custom:scripting/precompiled-assembly-types:Unity.AI.Navigation.Updater:  -> d2095ddf03fd615830d6dacf5841450d
  custom:scripting/monoscript/fileName/TMP_Settings.cs:  -> 68d1204aae2aa6d0a54c151b7af443e7
  custom:scripting/monoscript/fileName/TMPro_SortingLayerHelper.cs:  -> 8b86ad735987eff6a1277352e9e8d9b6
  custom:scripting/monoscript/fileName/TMP_InputFieldEditor.cs:  -> a6f05406e9cdb59679382b884c14216a
  custom:scripting/monoscript/fileName/NavMeshLinkEditor.cs:  -> aed8ae070d922149bb2ba3de06889ff6
  custom:scripting/monoscript/fileName/NavMeshModifier.cs:  -> 99ae5ed91bb784edc4f8312d7de046da
  custom:scripting/monoscript/fileName/TMP_TextParsingUtilities.cs:  -> 8b3fe20641ae0dd97405135955c706a3
  custom:scripting/monoscript/fileName/NavMeshModifierVolumeEditor.cs:  -> 262a50135a116189426aa01c964a744c
  custom:scripting/monoscript/fileName/TMP_ResourcesManager.cs:  -> 64252a073d41e9c6f4e95b5f68ac966c
  custom:scripting/monoscript/fileName/TMPro_TexturePostProcessor.cs:  -> 0750ad2b775120fa59f760172dc340ad
  custom:scripting/monoscript/fileName/NavigationOverlay.cs:  -> 2744f4e7946ebbb71339c9b1ce538d00
  custom:scripting/monoscript/fileName/TMP_PackageResourceImporter.cs:  -> 949b6e7fa2132b400d5c4aaf9c34421a
  custom:scripting/monoscript/fileName/TMP_EditorCoroutine.cs:  -> 04cbf5ce6e541d98265aa7668ef82832
  custom:scripting/monoscript/fileName/TMP_Style.cs:  -> ecc9948baa78373f3076151d1a0642d9
  custom:scripting/monoscript/fileName/TMP_StyleSheetEditor.cs:  -> 38b210a450ac855df2d81ab0242c2feb
  custom:scripting/monoscript/fileName/TMP_EditorPanelUI.cs:  -> 0c3fb43855adf1da22258c211d01a47d
  custom:scripting/monoscript/fileName/TMP_InputField.cs:  -> f7712ab842984f124274656d749eca3d
  custom:scripting/monoscript/fileName/TMP_Sprite.cs:  -> 0ee3c386846aa132dd254421fac18cd1
  custom:scripting/monoscript/fileName/TextMeshProUGUI.cs:  -> b783d06a82b0620f102e3253b4b9fc9b
  custom:scripting/monoscript/fileName/TMP_StyleSheet.cs:  -> de73099b6bd4b9281c92feedf1315618
  custom:scripting/monoscript/fileName/TMPro_Private.cs:  -> 90647cc400823b41df847a6cbfc29026
  custom:scripting/monoscript/fileName/TMP_MeshInfo.cs:  -> 89833651f7d905e51b340ec2afe531d1
  custom:scripting/monoscript/fileName/TMP_SpriteCharacter.cs:  -> 81dc73ff0878d6528202f8be44877b26
  custom:scripting/monoscript/fileName/TMP_ShaderUtilities.cs:  -> 84a261643983e306d02445da38ed662f
  custom:scripting/monoscript/fileName/TMP_PackageUtilities.cs:  -> 89e6e95503dd36070edf73e7aaab4557
  custom:scripting/monoscript/fileName/BuiltInToNavMeshSurfaceConverterContainer.cs:  -> c40a906f9f99ea8a6c5aaa215767017f
  custom:scripting/monoscript/fileName/NavMeshSceneConverter.cs:  -> baf486a1c1cdf03a3111dd113d13c2f4
  custom:scripting/monoscript/fileName/TMP_GlyphPairAdjustmentRecordPropertyDrawer.cs:  -> 1a07941369755af9e0a102a45e9058c5
  custom:scripting/monoscript/fileName/TMP_UpdateManager.cs:  -> fa7e71df671c5b3088b39753e4bbc70d
  custom:scripting/monoscript/fileName/TMP_EditorUtility.cs:  -> b242106620cbbc38f0411146a086b885
  custom:scripting/monoscript/fileName/TMP_SpriteGlyphPropertyDrawer.cs:  -> 1447c7afab82cf56bc359d5c7fba114e
  custom:scripting/monoscript/fileName/TMP_TextUtilities.cs:  -> aab2855e68416a0a1f2f8904059662aa
  custom:scripting/monoscript/fileName/TMP_SpriteAssetMenu.cs:  -> 05ea7b84320d1b77a6d1ae49c41ee9cc
  custom:scripting/monoscript/fileName/TMP_Dropdown.cs:  -> ecea2f8babcb40d207d2e73158251f60
  custom:scripting/monoscript/fileName/TMP_ColorGradient.cs:  -> 8d91c7c4749088eca69648d37a965bf8
  custom:scripting/monoscript/fileName/TMP_CharacterInfo.cs:  -> c840ce0b0aa6c1faafb27b3b884b2328
  custom:scripting/monoscript/fileName/TMP_PreBuildProcessor.cs:  -> 790c12dcd4980aa978fd28fb6f89fb37
  custom:scripting/monoscript/fileName/TMP_SerializedPropertyHolder.cs:  -> 99e5dbc1fa1abe750acc8166e4243be8
  custom:scripting/monoscript/fileName/TMP_SpriteCharacterPropertyDrawer.cs:  -> 14565b4e4f9266584dc3194fd967d252
  custom:scripting/monoscript/fileName/TMP_ListPool.cs:  -> 90647cc400823b41df847a6cbfc29026
  custom:scripting/monoscript/fileName/NavMeshLink.cs:  -> 0b3d0eeb07ab57d259e8f9365538df09
  custom:scripting/monoscript/fileName/MaterialReferenceManager.cs:  -> c970e86594a0f568cbda548f2d4462c1
  custom:scripting/monoscript/fileName/NavigationWindow.cs:  -> 7884404b71178f59d8819c380b951d7c
  custom:scripting/monoscript/fileName/ITextPreProcessor.cs:  -> a7aa94de5d5bfce2bdd74516315faaf2
  custom:scripting/monoscript/fileName/TMPro_EditorShaderUtilities.cs:  -> f4cbef9348a73d49f1efb8d10ff07bf0
  custom:scripting/monoscript/fileName/TMP_CharacterPropertyDrawer.cs:  -> ddc6f8909fdac3de9238e9b86e411c3e
  custom:scripting/monoscript/fileName/ObsoleteNavigationWindowMenuEntry.cs:  -> c7f73386e6473f401a8e4151cac4e1e5
  custom:scripting/monoscript/fileName/TMP_FontAssetEditor.cs:  -> e359b61135381f6b1d7b8c7e97a930f3
  custom:scripting/monoscript/fileName/TMP_FontAsset_CreationMenu.cs:  -> 1c5caeb31a0df734411a201aca87cb03
  custom:scripting/monoscript/fileName/TMP_ScrollbarEventHandler.cs:  -> c015e39b5a3f1a14518ce039f30e10af
  custom:scripting/monoscript/fileName/GlyphMetricsPropertyDrawer.cs:  -> 438b07e6eae795dab04c32f51ac4e752
  custom:scripting/monoscript/fileName/TMP_ObjectPool.cs:  -> 90647cc400823b41df847a6cbfc29026
  custom:scripting/monoscript/fileName/NavMeshComponentsGUIUtility.cs:  -> 08c52049b94db52661003d42fda4ecff
  custom:scripting/monoscript/fileName/TMP_FontAssetUtilities.cs:  -> 5b7a9bc9c5c56e3cb5ccc808a2bdd9e4
  custom:scripting/monoscript/fileName/TextMeshPro.cs:  -> 0cfab9de2f927cf0a5e3dc6276498acd
  custom:scripting/monoscript/fileName/TMP_DefaultControls.cs:  -> 2673e29173eb9307fa53ee17c15332ed
  custom:scripting/monoscript/fileName/TMP_FontAssetCommon.cs:  -> 2b5f11ccf8aacaf9b5ea6564bf2b0d57
  custom:scripting/monoscript/fileName/TMP_RichTextTagsCommon.cs:  -> 5462d55f8a9ad882f9a7f2d708a6978b
  custom:scripting/monoscript/fileName/TMPro_ExtensionMethods.cs:  -> 479bffcc157b89693ffc4c2ef2374861
  custom:scripting/monoscript/fileName/TMPro_MeshUtilities.cs:  -> 2237d160e4d9e81a7d899dc235029cb3
  custom:scripting/monoscript/fileName/TMP_TextInfo.cs:  -> 9e4eb698c4c168829682cbe659418e8f
  custom:scripting/monoscript/fileName/TMP_Compatibility.cs:  -> 3ef1f12d3c823dd740c7c596ab076c61
  custom:scripting/monoscript/fileName/TextContainer.cs:  -> 245c032a15fbc12850861c707e37b027
  custom:scripting/monoscript/fileName/TMP_SubMesh_Editor.cs:  -> b381eb4c2ad4ef265088242d67c5b140
  custom:scripting/monoscript/fileName/TMP_TextElement.cs:  -> 5dfb95666bd41ecc32948097824aba23
  custom:scripting/monoscript/fileName/TMP_Text.cs:  -> 5cba61e283281e8dbf7dadaabcd638dc
  custom:scripting/monoscript/fileName/TMP_SpriteAssetImportFormats.cs:  -> 920e3140228fbd530b0080254da22d88
  custom:scripting/monoscript/fileName/TMP_StyleAssetMenu.cs:  -> 60e7743122a0686d1131101c521adac6
  custom:scripting/monoscript/fileName/TMP_MaterialManager.cs:  -> 441d72ec3c04a8da6a351f60fff95465
  custom:scripting/monoscript/fileName/TMP_SpriteAsset.cs:  -> 8d06882cb45c7664f8d7c3079ee8757f
  custom:scripting/monoscript/fileName/TMP_PostBuildProcessHandler.cs:  -> c69b388004562ecb0f789fc3759d9651
  custom:scripting/monoscript/fileName/TMP_DropdownEditor.cs:  -> 2d907ee76ef876797c15186180266847
  custom:scripting/monoscript/fileName/NavMeshAssetManager.cs:  -> 79eb4858c2054289cd611249ab36b0a5
  custom:scripting/monoscript/fileName/NavMeshSurfaceEditor.cs:  -> adb1294e971eab992abc2e3e7e051565
  custom:scripting/monoscript/fileName/TMP_FontAsset.cs:  -> 6c1db4680a96f294cf0af87a0b8099aa
  custom:scripting/monoscript/fileName/TMP_SubMeshUI_Editor.cs:  -> 119a633ce37cc27ac209988b5de61d96
  custom:scripting/monoscript/fileName/NavMeshModifierVolume.cs:  -> 8dc531216c72b86c60b86e16ff3da10b
  custom:scripting/monoscript/fileName/NavMeshUpdaterUtility.cs:  -> 5eb03802e6dba19b3e13aaf384805cac
  custom:scripting/monoscript/fileName/TMP_BaseEditorPanel.cs:  -> f4b9967705e7bb57152fef4117417ba7
  custom:scripting/monoscript/fileName/TMP_ResourcesLoader.cs:  -> 6f1f07799f3cfe795f955033c27f98ed
  custom:scripting/monoscript/fileName/TMP_SettingsEditor.cs:  -> 56bf06371df7e13c5b8cc88becb89a4d
  custom:scripting/monoscript/fileName/TMP_UpdateRegistery.cs:  -> 1f23864d29c3a03d22aa9b00a337cf78
  custom:scripting/monoscript/fileName/NavigationPreferences.cs:  -> ada9399a4f085d4c824cc06527e7fcae
  custom:scripting/monoscript/fileName/FastAction.cs:  -> dfbe75b66b645b53472915ad2590af11
  custom:scripting/monoscript/fileName/TMPro_TextContainerEditor.cs:  -> b2fbc5db24221a870c4de162a712cbfe
  custom:scripting/precompiled-assembly-types:Unity.TextMeshPro.Editor:  -> 46ffe279a7239cd1fb74eb9c5ab5b5d8
  custom:scripting/monoscript/fileName/TMP_FontFeaturesCommon.cs:  -> 7d1db71d73353e7dd97f094c509882fa
  custom:scripting/monoscript/fileName/TMP_LineInfo.cs:  -> bb529d63c9723788bd7143f27cd69eaf
  custom:scripting/monoscript/fileName/TMP_TextAlignmentDrawer.cs:  -> 011b7908ef5eb5e9dea532c77e85c538
  custom:scripting/monoscript/fileName/TMP_EditorPanel.cs:  -> 0631f68be4ca0623bf3e313ec9becbc9
  custom:scripting/monoscript/fileName/TMPro_CreateObjectMenu.cs:  -> ddee59388caa7a56693342f3a805d427
  custom:scripting/monoscript/fileName/TMP_Asset.cs:  -> 7e95c8d89188057bea8fc9569c9aa309
  custom:scripting/monoscript/fileName/TMP_BaseShaderGUI.cs:  -> 25118693f24c47c8a4b530b8bff26574
  custom:scripting/monoscript/fileName/TMP_ColorGradientEditor.cs:  -> ed654c9d45026a5f71e6e9535130c15f
  custom:scripting/monoscript/fileName/TMP_SpriteAssetImporter.cs:  -> 675c97d72afe988872a20f51812f7cdf
  custom:scripting/monoscript/fileName/NavMeshUpdaterEditor.cs:  -> 169704080eda430978bba61ddedeb304
  custom:scripting/monoscript/fileName/TMP_SpriteAssetEditor.cs:  -> 8a42af05e85c0eed4128787976375b45
  custom:scripting/monoscript/fileName/TMP_BitmapShaderGUI.cs:  -> 2ce3ac811452d1d6d82e565157cac3e2
  custom:scripting/monoscript/fileName/TMP_ColorGradientAssetMenu.cs:  -> 83563be632f8167fcdca7878d36901f9
  custom:scripting/monoscript/fileName/TMP_Character.cs:  -> 015720458ea991fbf07357eae19532db
  custom:scripting/monoscript/fileName/TMP_SubMesh.cs:  -> 9fd75270af40187985e5c14cc85ebe42
  custom:scripting/monoscript/fileName/TMP_GlyphPropertyDrawer.cs:  -> 56b500a16a5c8f635a7bfdd702279864
  custom:scripting/precompiled-assembly-types:Unity.TextMeshPro:  -> 59230975e8163396a463bd906828ec67
  custom:scripting/monoscript/fileName/TMP_SpriteGlyph.cs:  -> cb4cdca5a4c6415e4f27ee5280164c41
  custom:scripting/monoscript/fileName/TMP_CoroutineTween.cs:  -> 76849b8d6d4ce499ad8ffee762e4a4af
  custom:scripting/monoscript/fileName/TMP_SpriteAnimator.cs:  -> bf3a797c3a059d3698e93e0031d7f11c
  custom:scripting/monoscript/fileName/NavMeshModifierEditor.cs:  -> b8675d28116f43f78881455a7301fe8c
  custom:scripting/monoscript/fileName/TMP_TextProcessingStack.cs:  -> 6146dd1b7f9b90aa342ef9794e387c23
  custom:scripting/monoscript/fileName/TMP_InputValidator.cs:  -> 5e0d679d98dae60baa87977011e0ed51
  custom:scripting/monoscript/fileName/TMP_UIStyleManager.cs:  -> 66d96f3fa9ea14a5a6ed3f92d3bbe0f1
  custom:scripting/monoscript/fileName/TMP_SelectionCaret.cs:  -> d2a06fefe973175bffa10d62f788c481
========================================================================
Received Import Request.
  Time since last request: 1041418.604094 seconds.
  path: Assets/scripts/player script/CarDamageHandler.cs
  artifactKey: Guid(8a868421a5132a7458d3d4c54f0463d6) Importer(815301076,1909f56bfc062723c751e8b465ee728b)
Start importing Assets/scripts/player script/CarDamageHandler.cs using Guid(8a868421a5132a7458d3d4c54f0463d6) Importer(815301076,1909f56bfc062723c751e8b465ee728b) [PhysX] Initialized MultithreadedTaskDispatcher with 16 workers.
 -> (artifact id: 'bbd7c0e70a1704d3cf6ae788d30b0965') in 0.005604 seconds
Number of updated asset objects reloaded before import = 0
Number of asset objects unloaded after import = 0
========================================================================
Received Import Request.
  Time since last request: 0.000043 seconds.
  path: Assets/scripts/player script/CarHealth.cs
  artifactKey: Guid(d177da8d3f87af7479da93bdcdc3eea2) Importer(815301076,1909f56bfc062723c751e8b465ee728b)
Start importing Assets/scripts/player script/CarHealth.cs using Guid(d177da8d3f87af7479da93bdcdc3eea2) Importer(815301076,1909f56bfc062723c751e8b465ee728b) [PhysX] Initialized MultithreadedTaskDispatcher with 16 workers.
 -> (artifact id: '02ad20acc4f0c2cbadb2b7f7d3b5eabe') in 0.000673 seconds
Number of updated asset objects reloaded before import = 0
Number of asset objects unloaded after import = 0
========================================================================
Received Import Request.
  Time since last request: 0.003970 seconds.
  path: Assets/scripts/player script/CarDamage.cs
  artifactKey: Guid(eb44d39ba3821b8409ceb7b9b8df2179) Importer(815301076,1909f56bfc062723c751e8b465ee728b)
Start importing Assets/scripts/player script/CarDamage.cs using Guid(eb44d39ba3821b8409ceb7b9b8df2179) Importer(815301076,1909f56bfc062723c751e8b465ee728b) [PhysX] Initialized MultithreadedTaskDispatcher with 16 workers.
 -> (artifact id: 'f7c5efe3a8e9ce6dbb006ad3af31492e') in 0.000597 seconds
Number of updated asset objects reloaded before import = 0
Number of asset objects unloaded after import = 0
========================================================================
Received Import Request.
  Time since last request: 1.798001 seconds.
  path: Assets/scripts/player script/CarControllers.cs
  artifactKey: Guid(97a6b499ff8444446838eee5e0f5c4db) Importer(815301076,1909f56bfc062723c751e8b465ee728b)
Start importing Assets/scripts/player script/CarControllers.cs using Guid(97a6b499ff8444446838eee5e0f5c4db) Importer(815301076,1909f56bfc062723c751e8b465ee728b) [PhysX] Initialized MultithreadedTaskDispatcher with 16 workers.
 -> (artifact id: '647f4ab593a9c7e28413bbf31552c45e') in 0.000621 seconds
Number of updated asset objects reloaded before import = 0
Number of asset objects unloaded after import = 0
========================================================================
Received Import Request.
  Time since last request: 0.519109 seconds.
  path: Assets/scripts/player script/AdvancedCarSetup.cs
  artifactKey: Guid(d5958478eff9c3c409a0c3402fbe1e22) Importer(815301076,1909f56bfc062723c751e8b465ee728b)
Start importing Assets/scripts/player script/AdvancedCarSetup.cs using Guid(d5958478eff9c3c409a0c3402fbe1e22) Importer(815301076,1909f56bfc062723c751e8b465ee728b) [PhysX] Initialized MultithreadedTaskDispatcher with 16 workers.
 -> (artifact id: 'c6709c3064ea6c8b19cbf46d3f95fa6e') in 0.000458 seconds
Number of updated asset objects reloaded before import = 0
Number of asset objects unloaded after import = 0
========================================================================
Received Import Request.
  Time since last request: 0.932820 seconds.
  path: Assets/scripts/player script/VehiclePathFollower.cs
  artifactKey: Guid(efe195f78f69e0f44b8c447d64a178cb) Importer(815301076,1909f56bfc062723c751e8b465ee728b)
Start importing Assets/scripts/player script/VehiclePathFollower.cs using Guid(efe195f78f69e0f44b8c447d64a178cb) Importer(815301076,1909f56bfc062723c751e8b465ee728b) [PhysX] Initialized MultithreadedTaskDispatcher with 16 workers.
 -> (artifact id: 'f83fe1e2024852e92d5fea5e041c1bed') in 0.000510 seconds
Number of updated asset objects reloaded before import = 0
Number of asset objects unloaded after import = 0
========================================================================
Received Import Request.
  Time since last request: 2.062594 seconds.
  path: Assets/scripts/player script/CarVisualDamage.cs
  artifactKey: Guid(8c7d871468de7cc4dbee658b9637c708) Importer(815301076,1909f56bfc062723c751e8b465ee728b)
Start importing Assets/scripts/player script/CarVisualDamage.cs using Guid(8c7d871468de7cc4dbee658b9637c708) Importer(815301076,1909f56bfc062723c751e8b465ee728b) [PhysX] Initialized MultithreadedTaskDispatcher with 16 workers.
 -> (artifact id: 'd302061bbcec3f58dbac4836eef39f59') in 0.000495 seconds
Number of updated asset objects reloaded before import = 0
Number of asset objects unloaded after import = 0
========================================================================
Received Import Request.
  Time since last request: 0.487787 seconds.
  path: Assets/scripts/player script/DriftEffects.cs
  artifactKey: Guid(4f8184371adaa0148a053a1410524597) Importer(815301076,1909f56bfc062723c751e8b465ee728b)
Start importing Assets/scripts/player script/DriftEffects.cs using Guid(4f8184371adaa0148a053a1410524597) Importer(815301076,1909f56bfc062723c751e8b465ee728b) [PhysX] Initialized MultithreadedTaskDispatcher with 16 workers.
 -> (artifact id: 'a173d8b04335bc5844f8306e7badcb4b') in 0.000552 seconds
Number of updated asset objects reloaded before import = 0
Number of asset objects unloaded after import = 0
========================================================================
Received Import Request.
  Time since last request: 0.400794 seconds.
  path: Assets/scripts/player script/ModifyMass.cs
  artifactKey: Guid(b98175a7bd5c33b439a0943f0aced4a4) Importer(815301076,1909f56bfc062723c751e8b465ee728b)
Start importing Assets/scripts/player script/ModifyMass.cs using Guid(b98175a7bd5c33b439a0943f0aced4a4) Importer(815301076,1909f56bfc062723c751e8b465ee728b) [PhysX] Initialized MultithreadedTaskDispatcher with 16 workers.
 -> (artifact id: '02d2c722caf5402f27a34bd9a21aebd8') in 0.000560 seconds
Number of updated asset objects reloaded before import = 0
Number of asset objects unloaded after import = 0
========================================================================
Received Import Request.
  Time since last request: 0.412925 seconds.
  path: Assets/scripts/player script/navagent.cs
  artifactKey: Guid(8829039cc403e4e46845b4ee7263cff4) Importer(815301076,1909f56bfc062723c751e8b465ee728b)
Start importing Assets/scripts/player script/navagent.cs using Guid(8829039cc403e4e46845b4ee7263cff4) Importer(815301076,1909f56bfc062723c751e8b465ee728b) [PhysX] Initialized MultithreadedTaskDispatcher with 16 workers.
 -> (artifact id: '4d266d02b5ecd2cb2e34b004fff2ce31') in 0.000439 seconds
Number of updated asset objects reloaded before import = 0
Number of asset objects unloaded after import = 0
========================================================================
Received Import Request.
  Time since last request: 0.745016 seconds.
  path: Assets/scripts/player script/NewBehaviourScript.cs
  artifactKey: Guid(19899c8a480ebfb46a1efc618e2010a6) Importer(815301076,1909f56bfc062723c751e8b465ee728b)
Start importing Assets/scripts/player script/NewBehaviourScript.cs using Guid(19899c8a480ebfb46a1efc618e2010a6) Importer(815301076,1909f56bfc062723c751e8b465ee728b) [PhysX] Initialized MultithreadedTaskDispatcher with 16 workers.
 -> (artifact id: 'd0deaa0c5cdd9ffb8d712a765604f01a') in 0.000556 seconds
Number of updated asset objects reloaded before import = 0
Number of asset objects unloaded after import = 0
========================================================================
Received Import Request.
  Time since last request: 105.925898 seconds.
  path: Assets/scripts/player script/Car_Health.cs
  artifactKey: Guid(d177da8d3f87af7479da93bdcdc3eea2) Importer(815301076,1909f56bfc062723c751e8b465ee728b)
Start importing Assets/scripts/player script/Car_Health.cs using Guid(d177da8d3f87af7479da93bdcdc3eea2) Importer(815301076,1909f56bfc062723c751e8b465ee728b) [PhysX] Initialized MultithreadedTaskDispatcher with 16 workers.
 -> (artifact id: 'b2798f80d6490226a4b4555de7a08eaa') in 0.000384 seconds
Number of updated asset objects reloaded before import = 0
Number of asset objects unloaded after import = 0
========================================================================
Received Import Request.
  Time since last request: 12.407836 seconds.
  path: Assets/scripts/player script/Car_Health.cs
  artifactKey: Guid(d177da8d3f87af7479da93bdcdc3eea2) Importer(815301076,1909f56bfc062723c751e8b465ee728b)
Start importing Assets/scripts/player script/Car_Health.cs using Guid(d177da8d3f87af7479da93bdcdc3eea2) Importer(815301076,1909f56bfc062723c751e8b465ee728b) [PhysX] Initialized MultithreadedTaskDispatcher with 16 workers.
 -> (artifact id: 'c60b4385bfe2aa3c775e680762728406') in 0.000506 seconds
Number of updated asset objects reloaded before import = 0
Number of asset objects unloaded after import = 0
========================================================================
Received Import Request.
  Time since last request: 26.170157 seconds.
  path: Assets/scripts/player script/Car_Health.cs
  artifactKey: Guid(d177da8d3f87af7479da93bdcdc3eea2) Importer(815301076,1909f56bfc062723c751e8b465ee728b)
Start importing Assets/scripts/player script/Car_Health.cs using Guid(d177da8d3f87af7479da93bdcdc3eea2) Importer(815301076,1909f56bfc062723c751e8b465ee728b) [PhysX] Initialized MultithreadedTaskDispatcher with 16 workers.
 -> (artifact id: '4e859377eee4cdf433aab0997f43f15b') in 0.000414 seconds
Number of updated asset objects reloaded before import = 0
Number of asset objects unloaded after import = 0
========================================================================
Received Import Request.
  Time since last request: 718.262732 seconds.
  path: Packages/com.unity.ai.navigation/package.json
  artifactKey: Guid(fbee67e09f48e4652bfa085460c895c7) Importer(815301076,1909f56bfc062723c751e8b465ee728b)
Start importing Packages/com.unity.ai.navigation/package.json using Guid(fbee67e09f48e4652bfa085460c895c7) Importer(815301076,1909f56bfc062723c751e8b465ee728b) [PhysX] Initialized MultithreadedTaskDispatcher with 16 workers.
 -> (artifact id: 'b2f67e53dd37732350be586acc9b9eea') in 0.008184 seconds
Number of updated asset objects reloaded before import = 0
Number of asset objects unloaded after import = 1
========================================================================
Received Import Request.
  Time since last request: 69.670893 seconds.
  path: Assets/scripts/ui script/ScoreManager.cs
  artifactKey: Guid(6d66d249c24829547a15da7a0dc183ce) Importer(815301076,1909f56bfc062723c751e8b465ee728b)
Start importing Assets/scripts/ui script/ScoreManager.cs using Guid(6d66d249c24829547a15da7a0dc183ce) Importer(815301076,1909f56bfc062723c751e8b465ee728b) [PhysX] Initialized MultithreadedTaskDispatcher with 16 workers.
 -> (artifact id: 'ed487c9be849f44e8aa84f8b7f0cbd01') in 0.000488 seconds
Number of updated asset objects reloaded before import = 0
Number of asset objects unloaded after import = 0
========================================================================
Received Import Request.
  Time since last request: 21.694034 seconds.
  path: Assets/scripts/ui script/PlayerHealth.cs
  artifactKey: Guid(1580009b57987c54b9eab0db61dd0c98) Importer(815301076,1909f56bfc062723c751e8b465ee728b)
Start importing Assets/scripts/ui script/PlayerHealth.cs using Guid(1580009b57987c54b9eab0db61dd0c98) Importer(815301076,1909f56bfc062723c751e8b465ee728b) [PhysX] Initialized MultithreadedTaskDispatcher with 16 workers.
 -> (artifact id: 'a2897e8303c28cd797f03388c5d4cd53') in 0.000611 seconds
Number of updated asset objects reloaded before import = 0
Number of asset objects unloaded after import = 0
========================================================================
Received Import Request.
  Time since last request: 32.747828 seconds.
  path: Assets/scripts/player script/HealthBar.cs
  artifactKey: Guid(acfde0f1d1cae8140b19e2642a52fb22) Importer(815301076,1909f56bfc062723c751e8b465ee728b)
Start importing Assets/scripts/player script/HealthBar.cs using Guid(acfde0f1d1cae8140b19e2642a52fb22) Importer(815301076,1909f56bfc062723c751e8b465ee728b) [PhysX] Initialized MultithreadedTaskDispatcher with 16 workers.
 -> (artifact id: '656aadb62fa60e3b2f50123e0604d3a6') in 0.000619 seconds
Number of updated asset objects reloaded before import = 0
Number of asset objects unloaded after import = 0
========================================================================
Received Prepare
Caller must complete domain reload
Begin MonoManager ReloadAssembly
- Loaded All Assemblies, in  0.438 seconds
Native extension for WindowsStandalone target not found
Native extension for Android target not found
[Package Manager] Server::EnsureServerProcessIsRunning -- launch failed, reason: Unity was launched with the -noUpm command-line argument
[Package Manager] UpmClient::Send -- Unable to send message (not connected to UPM process).
[Package Manager] Cannot connect to Unity Package Manager local server
Mono: successfully reloaded assembly
- Finished resetting the current domain, in  0.698 seconds
Domain Reload Profiling: 1137ms
	BeginReloadAssembly (261ms)
		ExecutionOrderSort (0ms)
		DisableScriptedObjects (3ms)
		BackupInstance (0ms)
		ReleaseScriptingObjects (0ms)
		CreateAndSetChildDomain (31ms)
	RebuildCommonClasses (23ms)
	RebuildNativeTypeToScriptingClass (7ms)
	initialDomainReloadingComplete (16ms)
	LoadAllAssembliesAndSetupDomain (132ms)
		LoadAssemblies (171ms)
		RebuildTransferFunctionScriptingTraits (0ms)
		AnalyzeDomain (13ms)
			TypeCache.Refresh (5ms)
				TypeCache.ScanAssembly (0ms)
			ScanForSourceGeneratedMonoScriptInfo (5ms)
			ResolveRequiredComponents (3ms)
	FinalizeReload (698ms)
		ReleaseScriptCaches (0ms)
		RebuildScriptCaches (0ms)
		SetupLoadedEditorAssemblies (318ms)
			LogAssemblyErrors (0ms)
			InitializePlatformSupportModulesInManaged (14ms)
			SetLoadedEditorAssemblies (3ms)
			RefreshPlugins (0ms)
			BeforeProcessingInitializeOnLoad (34ms)
			ProcessInitializeOnLoadAttributes (251ms)
			ProcessInitializeOnLoadMethodAttributes (14ms)
			AfterProcessingInitializeOnLoad (2ms)
			EditorAssembliesLoaded (0ms)
		ExecutionOrderSort2 (0ms)
		AwakeInstancesAfterBackupRestoration (6ms)
Refreshing native plugins compatible for Editor in 1.01 ms, found 2 plugins.
Preloading 0 native plugins for Editor in 0.00 ms.
Unloading 1679 Unused Serialized files (Serialized files now loaded: 0)
Unloading 21 unused Assets / (97.2 KB). Loaded Objects now: 2171.
Memory consumption went from 88.3 MB to 88.2 MB.
Total: 2.459400 ms (FindLiveObjects: 0.152600 ms CreateObjectMapping: 0.022900 ms MarkObjects: 2.226800 ms  DeleteObjects: 0.055400 ms)

Prepare: number of updated asset objects reloaded= 0
AssetImportParameters requested are different than current active one (requested -> active):
  custom:video-decoder-webm-vp8: 9c59270c3fd7afecdb556c50c9e8de78 -> 
  custom:scripting/monoscript/fileName/ModifyMass.cs: da6dc5d0d2f5c907ccb34333bfa77220 -> 
  custom:scripting/monoscript/fileName/EditorStyles.cs: 11ab1db9e92fdf6f91f7e4f8529bd1fd -> 86b9f4d8fe570a8d8295bfc466c975cf
  custom:SearchIndexIgnoredProperties: e643bd26f0fe6173181afceb89e7c659 -> 
  custom:container-demuxer-ogg: 62fdf1f143b41e24485cea50d1cbac27 -> 
  custom:scripting/monoscript/fileName/PlayerCollisionHandler.cs: 528e95f4a20c8e4eadda0b4ea3a41044 -> 
  custom:AudioImporter_EditorPlatform: d09bf68614088b80899f8185d706f6e7 -> 
  custom:scripting/monoscript/fileName/navagent.cs: 7b1b7c4d38cdc7e36bd60e3fae0b9cc5 -> 
  custom:scripting/monoscript/fileName/AdvancedCarSetup.cs: f75f6b989b32b3b4111bab65baa9ea24 -> 
  custom:scripting/monoscript/fileName/PlayerHealth.cs: 49f415306e52895faa0b0a35d62e54a1 -> 
  custom:scripting/monoscript/fileName/ConverterItemDescriptor.cs: 79cc71fb6b5eaa5117f2c548fb9d5e93 -> 8182050d34c5cb602eb7913435a7abee
  custom:video-codec-MediaFoundation-h265: 746d11721c4dcdbdad8f713fa42b33f4 -> 
  custom:scripting/monoscript/fileName/EnemyCollisionHandler.cs: a75a90ce14fb9db6572a0843399ba024 -> 
  custom:scripting/monoscript/fileName/mainmenu.cs: 2d8be2b008e2f145f25333c4204dc2e1 -> 
  custom:scripting/monoscript/fileName/CarControllers.cs: c52d95b8fc7b583db81c2d13b248d2c8 -> 
  custom:scripting/monoscript/fileName/restart.cs: 2fae288140785e4c8325a4139f0fbcaa -> 
  custom:video-decoder-ogg-theora: a1e56fd34408186e4bbccfd4996cb3dc -> 
  custom:scripting/monoscript/fileName/CarDamageHandler.cs: 7fab29d09ad408a9b4b97ed3737be0e4 -> 
  custom:scripting/monoscript/fileName/SystemConverterContainer.cs: bdec785a88883dec09abdd8ddca1fdd8 -> eb4026ea01a117ce0888f693e9eed2cd
  custom:framework-win-MediaFoundation: 216162199b28c13a410421893ffa2e32 -> 
  custom:scripting/monoscript/fileName/NewBehaviourScript.cs: b21687ddb03d73bd9f0c1daecb9714de -> 
  custom:scripting/monoscript/fileName/t.cs: 2cc03dca149d4ea6f8665346629d164c -> 
  custom:scripting/monoscript/fileName/InitializeConverterContext.cs: f9c3276ac1952bf8c8ab53a011b74d69 -> a97e19589a5774cdc2a34a28caea355f
  custom:scripting/monoscript/fileName/SystemConverter.cs: 7cde37e2d29752cb5e16f9b46b9ba9df -> c748d1769fc66e95256254a1cc1497f3
  custom:video-encoder-webm-vp8: eb34c28f22e8b96e1ab97ce403110664 -> 
  custom:audio-decoder-ogg-vorbis: bf7c407c2cedff20999df2af8eb42d56 -> 
  custom:scripting/monoscript/fileName/ConverterItemInfo.cs: 17347613d9bcd61fc21bb1087f168562 -> 9fb131dfa28a9ed6b6d00fd9cf83ece4
  custom:CustomObjectIndexerAttribute: 9a22284fe3817be447336de3de66b15e -> 
  custom:scripting/monoscript/fileName/HealthBar.cs: e02a13ebfecfefd70171c0594cf22391 -> 
  custom:scripting/monoscript/fileName/DriftEffects.cs: 198aa3cc0a05ad302e68e68757efd2ab -> 
  custom:container-demuxer-webm: 4f35f7cbe854078d1ac9338744f61a02 -> 
  custom:scripting/monoscript/fileName/EnemyChase.cs: 3a83095262844a2fb6b878062f338b2e -> 
  custom:scripting/monoscript/fileName/RunItemContext.cs: 1e36b1658d4c907e69f001bef01231f6 -> 338b2243183036c2b60f94c1b5e817c5
  custom:audio-encoder-webm-vorbis: bf7c407c2cedff20999df2af8eb42d56 -> 
  custom:scripting/monoscript/fileName/ScoreManager.cs: 2117df56b7ba23abd331d761e713022a -> 
  custom:scripting/monoscript/fileName/Car_Health.cs: c12d88a0bbfe5b2cbf22d82c53863b43 -> 
  custom:scripting/monoscript/fileName/VehiclePathFollower.cs: 1f8958758b8accca3eccc11ead7be9b4 -> 
  custom:scripting/monoscript/fileName/CarDamage.cs: d4950a786e3f191b18e2d9375c22d786 -> 
  custom:scripting/monoscript/fileName/CameraFollow.cs: de990732cc429467f8f49571d0872163 -> 
  custom:scripting/precompiled-assembly-types:Assembly-CSharp: 20c0d031f0102c51c20b528c85e12536 -> 
  custom:scripting/monoscript/fileName/SystemConvertersEditor.cs: b157cb077fe6af3401a860fcac0dab41 -> c127c1335f24b77ca70195bf2136c6a2
  custom:scripting/monoscript/fileName/CarVisualDamage.cs: 9b62164dcefaac95f1f7ed1619cfc83f -> 
  custom:container-muxer-webm: aa71ff27fc2769a1b78a27578f13a17b -> 
========================================================================
Received Prepare
Caller must complete domain reload
Begin MonoManager ReloadAssembly
- Loaded All Assemblies, in  0.300 seconds
Native extension for WindowsStandalone target not found
Native extension for Android target not found
[Package Manager] Server::EnsureServerProcessIsRunning -- launch failed, reason: Unity was launched with the -noUpm command-line argument
[Package Manager] UpmClient::Send -- Unable to send message (not connected to UPM process).
[Package Manager] Cannot connect to Unity Package Manager local server
Mono: successfully reloaded assembly
- Finished resetting the current domain, in  0.540 seconds
Domain Reload Profiling: 840ms
	BeginReloadAssembly (156ms)
		ExecutionOrderSort (0ms)
		DisableScriptedObjects (3ms)
		BackupInstance (0ms)
		ReleaseScriptingObjects (0ms)
		CreateAndSetChildDomain (23ms)
	RebuildCommonClasses (22ms)
	RebuildNativeTypeToScriptingClass (7ms)
	initialDomainReloadingComplete (15ms)
	LoadAllAssembliesAndSetupDomain (99ms)
		LoadAssemblies (145ms)
		RebuildTransferFunctionScriptingTraits (0ms)
		AnalyzeDomain (6ms)
			TypeCache.Refresh (3ms)
				TypeCache.ScanAssembly (0ms)
			ScanForSourceGeneratedMonoScriptInfo (0ms)
			ResolveRequiredComponents (2ms)
	FinalizeReload (540ms)
		ReleaseScriptCaches (0ms)
		RebuildScriptCaches (0ms)
		SetupLoadedEditorAssemblies (338ms)
			LogAssemblyErrors (0ms)
			InitializePlatformSupportModulesInManaged (12ms)
			SetLoadedEditorAssemblies (4ms)
			RefreshPlugins (0ms)
			BeforeProcessingInitializeOnLoad (32ms)
			ProcessInitializeOnLoadAttributes (271ms)
			ProcessInitializeOnLoadMethodAttributes (16ms)
			AfterProcessingInitializeOnLoad (3ms)
			EditorAssembliesLoaded (0ms)
		ExecutionOrderSort2 (0ms)
		AwakeInstancesAfterBackupRestoration (7ms)
Refreshing native plugins compatible for Editor in 0.94 ms, found 2 plugins.
Preloading 0 native plugins for Editor in 0.00 ms.
Unloading 1693 Unused Serialized files (Serialized files now loaded: 0)
Unloading 34 unused Assets / (0.8 MB). Loaded Objects now: 2172.
Memory consumption went from 92.6 MB to 91.8 MB.
Total: 3.544000 ms (FindLiveObjects: 0.158400 ms CreateObjectMapping: 0.024500 ms MarkObjects: 2.954600 ms  DeleteObjects: 0.405100 ms)

Prepare: number of updated asset objects reloaded= 0
AssetImportParameters requested are different than current active one (requested -> active):
  custom:video-decoder-webm-vp8: 9c59270c3fd7afecdb556c50c9e8de78 -> 
  custom:scripting/monoscript/fileName/ModifyMass.cs: da6dc5d0d2f5c907ccb34333bfa77220 -> 
  custom:scripting/monoscript/fileName/EditorStyles.cs: 11ab1db9e92fdf6f91f7e4f8529bd1fd -> 86b9f4d8fe570a8d8295bfc466c975cf
  custom:SearchIndexIgnoredProperties: e643bd26f0fe6173181afceb89e7c659 -> 
  custom:container-demuxer-ogg: 62fdf1f143b41e24485cea50d1cbac27 -> 
  custom:scripting/monoscript/fileName/PlayerCollisionHandler.cs: 528e95f4a20c8e4eadda0b4ea3a41044 -> 
  custom:AudioImporter_EditorPlatform: d09bf68614088b80899f8185d706f6e7 -> 
  custom:scripting/monoscript/fileName/navagent.cs: 7b1b7c4d38cdc7e36bd60e3fae0b9cc5 -> 
  custom:scripting/monoscript/fileName/AdvancedCarSetup.cs: f75f6b989b32b3b4111bab65baa9ea24 -> 
  custom:scripting/monoscript/fileName/PlayerHealth.cs: 49f415306e52895faa0b0a35d62e54a1 -> 
  custom:scripting/monoscript/fileName/ConverterItemDescriptor.cs: 79cc71fb6b5eaa5117f2c548fb9d5e93 -> 8182050d34c5cb602eb7913435a7abee
  custom:video-codec-MediaFoundation-h265: 746d11721c4dcdbdad8f713fa42b33f4 -> 
  custom:scripting/monoscript/fileName/EnemyCollisionHandler.cs: a75a90ce14fb9db6572a0843399ba024 -> 
  custom:scripting/monoscript/fileName/mainmenu.cs: 2d8be2b008e2f145f25333c4204dc2e1 -> 
  custom:scripting/monoscript/fileName/CarControllers.cs: c52d95b8fc7b583db81c2d13b248d2c8 -> 
  custom:scripting/monoscript/fileName/restart.cs: 2fae288140785e4c8325a4139f0fbcaa -> 
  custom:video-decoder-ogg-theora: a1e56fd34408186e4bbccfd4996cb3dc -> 
  custom:scripting/monoscript/fileName/CarDamageHandler.cs: 7fab29d09ad408a9b4b97ed3737be0e4 -> 
  custom:scripting/monoscript/fileName/SystemConverterContainer.cs: bdec785a88883dec09abdd8ddca1fdd8 -> eb4026ea01a117ce0888f693e9eed2cd
  custom:framework-win-MediaFoundation: 216162199b28c13a410421893ffa2e32 -> 
  custom:scripting/monoscript/fileName/NewBehaviourScript.cs: b21687ddb03d73bd9f0c1daecb9714de -> 
  custom:scripting/monoscript/fileName/t.cs: 2cc03dca149d4ea6f8665346629d164c -> 
  custom:scripting/monoscript/fileName/InitializeConverterContext.cs: f9c3276ac1952bf8c8ab53a011b74d69 -> a97e19589a5774cdc2a34a28caea355f
  custom:scripting/monoscript/fileName/SystemConverter.cs: 7cde37e2d29752cb5e16f9b46b9ba9df -> c748d1769fc66e95256254a1cc1497f3
  custom:video-encoder-webm-vp8: eb34c28f22e8b96e1ab97ce403110664 -> 
  custom:audio-decoder-ogg-vorbis: bf7c407c2cedff20999df2af8eb42d56 -> 
  custom:scripting/monoscript/fileName/ConverterItemInfo.cs: 17347613d9bcd61fc21bb1087f168562 -> 9fb131dfa28a9ed6b6d00fd9cf83ece4
  custom:CustomObjectIndexerAttribute: 9a22284fe3817be447336de3de66b15e -> 
  custom:scripting/monoscript/fileName/HealthBar.cs: e02a13ebfecfefd70171c0594cf22391 -> 
  custom:scripting/monoscript/fileName/DriftEffects.cs: 198aa3cc0a05ad302e68e68757efd2ab -> 
  custom:container-demuxer-webm: 4f35f7cbe854078d1ac9338744f61a02 -> 
  custom:scripting/monoscript/fileName/EnemyChase.cs: 3a83095262844a2fb6b878062f338b2e -> 
  custom:scripting/monoscript/fileName/RunItemContext.cs: 1e36b1658d4c907e69f001bef01231f6 -> 338b2243183036c2b60f94c1b5e817c5
  custom:audio-encoder-webm-vorbis: bf7c407c2cedff20999df2af8eb42d56 -> 
  custom:scripting/monoscript/fileName/ScoreManager.cs: 2117df56b7ba23abd331d761e713022a -> 
  custom:scripting/monoscript/fileName/Car_Health.cs: c12d88a0bbfe5b2cbf22d82c53863b43 -> 
  custom:scripting/monoscript/fileName/VehiclePathFollower.cs: 1f8958758b8accca3eccc11ead7be9b4 -> 
  custom:scripting/monoscript/fileName/CarDamage.cs: d4950a786e3f191b18e2d9375c22d786 -> 
  custom:scripting/monoscript/fileName/CameraFollow.cs: de990732cc429467f8f49571d0872163 -> 
  custom:scripting/precompiled-assembly-types:Assembly-CSharp: 20c0d031f0102c51c20b528c85e12536 -> 
  custom:scripting/monoscript/fileName/SystemConvertersEditor.cs: b157cb077fe6af3401a860fcac0dab41 -> c127c1335f24b77ca70195bf2136c6a2
  custom:scripting/monoscript/fileName/CarVisualDamage.cs: 9b62164dcefaac95f1f7ed1619cfc83f -> 
  custom:container-muxer-webm: aa71ff27fc2769a1b78a27578f13a17b -> 
========================================================================
Received Prepare
Caller must complete domain reload
Begin MonoManager ReloadAssembly
- Loaded All Assemblies, in  0.307 seconds
Native extension for WindowsStandalone target not found
Native extension for Android target not found
[Package Manager] Server::EnsureServerProcessIsRunning -- launch failed, reason: Unity was launched with the -noUpm command-line argument
[Package Manager] UpmClient::Send -- Unable to send message (not connected to UPM process).
[Package Manager] Cannot connect to Unity Package Manager local server
Mono: successfully reloaded assembly
- Finished resetting the current domain, in  0.565 seconds
Domain Reload Profiling: 873ms
	BeginReloadAssembly (160ms)
		ExecutionOrderSort (0ms)
		DisableScriptedObjects (3ms)
		BackupInstance (0ms)
		ReleaseScriptingObjects (0ms)
		CreateAndSetChildDomain (28ms)
	RebuildCommonClasses (25ms)
	RebuildNativeTypeToScriptingClass (8ms)
	initialDomainReloadingComplete (15ms)
	LoadAllAssembliesAndSetupDomain (98ms)
		LoadAssemblies (142ms)
		RebuildTransferFunctionScriptingTraits (0ms)
		AnalyzeDomain (6ms)
			TypeCache.Refresh (3ms)
				TypeCache.ScanAssembly (0ms)
			ScanForSourceGeneratedMonoScriptInfo (0ms)
			ResolveRequiredComponents (2ms)
	FinalizeReload (566ms)
		ReleaseScriptCaches (0ms)
		RebuildScriptCaches (0ms)
		SetupLoadedEditorAssemblies (356ms)
			LogAssemblyErrors (0ms)
			InitializePlatformSupportModulesInManaged (12ms)
			SetLoadedEditorAssemblies (3ms)
			RefreshPlugins (0ms)
			BeforeProcessingInitializeOnLoad (32ms)
			ProcessInitializeOnLoadAttributes (288ms)
			ProcessInitializeOnLoadMethodAttributes (19ms)
			AfterProcessingInitializeOnLoad (2ms)
			EditorAssembliesLoaded (0ms)
		ExecutionOrderSort2 (0ms)
		AwakeInstancesAfterBackupRestoration (6ms)
Refreshing native plugins compatible for Editor in 0.91 ms, found 2 plugins.
Preloading 0 native plugins for Editor in 0.00 ms.
Unloading 1693 Unused Serialized files (Serialized files now loaded: 0)
Unloading 34 unused Assets / (0.8 MB). Loaded Objects now: 2173.
Memory consumption went from 92.6 MB to 91.8 MB.
Total: 2.542800 ms (FindLiveObjects: 0.136400 ms CreateObjectMapping: 0.028400 ms MarkObjects: 1.962400 ms  DeleteObjects: 0.414900 ms)

Prepare: number of updated asset objects reloaded= 0
AssetImportParameters requested are different than current active one (requested -> active):
  custom:video-decoder-webm-vp8: 9c59270c3fd7afecdb556c50c9e8de78 -> 
  custom:scripting/monoscript/fileName/ModifyMass.cs: da6dc5d0d2f5c907ccb34333bfa77220 -> 
  custom:scripting/monoscript/fileName/EditorStyles.cs: 11ab1db9e92fdf6f91f7e4f8529bd1fd -> 86b9f4d8fe570a8d8295bfc466c975cf
  custom:SearchIndexIgnoredProperties: e643bd26f0fe6173181afceb89e7c659 -> 
  custom:container-demuxer-ogg: 62fdf1f143b41e24485cea50d1cbac27 -> 
  custom:scripting/monoscript/fileName/PlayerCollisionHandler.cs: 528e95f4a20c8e4eadda0b4ea3a41044 -> 
  custom:AudioImporter_EditorPlatform: d09bf68614088b80899f8185d706f6e7 -> 
  custom:scripting/monoscript/fileName/navagent.cs: 7b1b7c4d38cdc7e36bd60e3fae0b9cc5 -> 
  custom:scripting/monoscript/fileName/AdvancedCarSetup.cs: f75f6b989b32b3b4111bab65baa9ea24 -> 
  custom:scripting/monoscript/fileName/PlayerHealth.cs: 49f415306e52895faa0b0a35d62e54a1 -> 
  custom:scripting/monoscript/fileName/ConverterItemDescriptor.cs: 79cc71fb6b5eaa5117f2c548fb9d5e93 -> 8182050d34c5cb602eb7913435a7abee
  custom:video-codec-MediaFoundation-h265: 746d11721c4dcdbdad8f713fa42b33f4 -> 
  custom:scripting/monoscript/fileName/EnemyCollisionHandler.cs: a75a90ce14fb9db6572a0843399ba024 -> 
  custom:scripting/monoscript/fileName/mainmenu.cs: 2d8be2b008e2f145f25333c4204dc2e1 -> 
  custom:scripting/monoscript/fileName/CarControllers.cs: c52d95b8fc7b583db81c2d13b248d2c8 -> 
  custom:scripting/monoscript/fileName/restart.cs: 2fae288140785e4c8325a4139f0fbcaa -> 
  custom:video-decoder-ogg-theora: a1e56fd34408186e4bbccfd4996cb3dc -> 
  custom:scripting/monoscript/fileName/CarDamageHandler.cs: 7fab29d09ad408a9b4b97ed3737be0e4 -> 
  custom:scripting/monoscript/fileName/SystemConverterContainer.cs: bdec785a88883dec09abdd8ddca1fdd8 -> eb4026ea01a117ce0888f693e9eed2cd
  custom:framework-win-MediaFoundation: 216162199b28c13a410421893ffa2e32 -> 
  custom:scripting/monoscript/fileName/NewBehaviourScript.cs: b21687ddb03d73bd9f0c1daecb9714de -> 
  custom:scripting/monoscript/fileName/t.cs: 2cc03dca149d4ea6f8665346629d164c -> 
  custom:scripting/monoscript/fileName/InitializeConverterContext.cs: f9c3276ac1952bf8c8ab53a011b74d69 -> a97e19589a5774cdc2a34a28caea355f
  custom:scripting/monoscript/fileName/SystemConverter.cs: 7cde37e2d29752cb5e16f9b46b9ba9df -> c748d1769fc66e95256254a1cc1497f3
  custom:video-encoder-webm-vp8: eb34c28f22e8b96e1ab97ce403110664 -> 
  custom:audio-decoder-ogg-vorbis: bf7c407c2cedff20999df2af8eb42d56 -> 
  custom:scripting/monoscript/fileName/ConverterItemInfo.cs: 17347613d9bcd61fc21bb1087f168562 -> 9fb131dfa28a9ed6b6d00fd9cf83ece4
  custom:CustomObjectIndexerAttribute: 9a22284fe3817be447336de3de66b15e -> 
  custom:scripting/monoscript/fileName/HealthBar.cs: e02a13ebfecfefd70171c0594cf22391 -> 
  custom:scripting/monoscript/fileName/DriftEffects.cs: 198aa3cc0a05ad302e68e68757efd2ab -> 
  custom:container-demuxer-webm: 4f35f7cbe854078d1ac9338744f61a02 -> 
  custom:scripting/monoscript/fileName/EnemyChase.cs: 3a83095262844a2fb6b878062f338b2e -> 
  custom:scripting/monoscript/fileName/RunItemContext.cs: 1e36b1658d4c907e69f001bef01231f6 -> 338b2243183036c2b60f94c1b5e817c5
  custom:audio-encoder-webm-vorbis: bf7c407c2cedff20999df2af8eb42d56 -> 
  custom:scripting/monoscript/fileName/ScoreManager.cs: 2117df56b7ba23abd331d761e713022a -> 
  custom:scripting/monoscript/fileName/Car_Health.cs: c12d88a0bbfe5b2cbf22d82c53863b43 -> 
  custom:scripting/monoscript/fileName/VehiclePathFollower.cs: 1f8958758b8accca3eccc11ead7be9b4 -> 
  custom:scripting/monoscript/fileName/CarDamage.cs: d4950a786e3f191b18e2d9375c22d786 -> 
  custom:scripting/monoscript/fileName/CameraFollow.cs: de990732cc429467f8f49571d0872163 -> 
  custom:scripting/precompiled-assembly-types:Assembly-CSharp: 20c0d031f0102c51c20b528c85e12536 -> 
  custom:scripting/monoscript/fileName/SystemConvertersEditor.cs: b157cb077fe6af3401a860fcac0dab41 -> c127c1335f24b77ca70195bf2136c6a2
  custom:scripting/monoscript/fileName/CarVisualDamage.cs: 9b62164dcefaac95f1f7ed1619cfc83f -> 
  custom:container-muxer-webm: aa71ff27fc2769a1b78a27578f13a17b -> 
========================================================================
Received Prepare
Caller must complete domain reload
Begin MonoManager ReloadAssembly
- Loaded All Assemblies, in  0.309 seconds
Native extension for WindowsStandalone target not found
Native extension for Android target not found
[Package Manager] Server::EnsureServerProcessIsRunning -- launch failed, reason: Unity was launched with the -noUpm command-line argument
[Package Manager] UpmClient::Send -- Unable to send message (not connected to UPM process).
[Package Manager] Cannot connect to Unity Package Manager local server
Mono: successfully reloaded assembly
- Finished resetting the current domain, in  0.537 seconds
Domain Reload Profiling: 847ms
	BeginReloadAssembly (166ms)
		ExecutionOrderSort (0ms)
		DisableScriptedObjects (3ms)
		BackupInstance (0ms)
		ReleaseScriptingObjects (0ms)
		CreateAndSetChildDomain (24ms)
	RebuildCommonClasses (20ms)
	RebuildNativeTypeToScriptingClass (10ms)
	initialDomainReloadingComplete (16ms)
	LoadAllAssembliesAndSetupDomain (97ms)
		LoadAssemblies (150ms)
		RebuildTransferFunctionScriptingTraits (0ms)
		AnalyzeDomain (6ms)
			TypeCache.Refresh (3ms)
				TypeCache.ScanAssembly (0ms)
			ScanForSourceGeneratedMonoScriptInfo (0ms)
			ResolveRequiredComponents (2ms)
	FinalizeReload (537ms)
		ReleaseScriptCaches (0ms)
		RebuildScriptCaches (0ms)
		SetupLoadedEditorAssemblies (341ms)
			LogAssemblyErrors (0ms)
			InitializePlatformSupportModulesInManaged (14ms)
			SetLoadedEditorAssemblies (4ms)
			RefreshPlugins (0ms)
			BeforeProcessingInitializeOnLoad (33ms)
			ProcessInitializeOnLoadAttributes (269ms)
			ProcessInitializeOnLoadMethodAttributes (18ms)
			AfterProcessingInitializeOnLoad (2ms)
			EditorAssembliesLoaded (0ms)
		ExecutionOrderSort2 (0ms)
		AwakeInstancesAfterBackupRestoration (6ms)
Refreshing native plugins compatible for Editor in 0.94 ms, found 2 plugins.
Preloading 0 native plugins for Editor in 0.00 ms.
Unloading 1693 Unused Serialized files (Serialized files now loaded: 0)
Unloading 34 unused Assets / (0.8 MB). Loaded Objects now: 2174.
Memory consumption went from 92.6 MB to 91.8 MB.
Total: 3.025000 ms (FindLiveObjects: 0.276400 ms CreateObjectMapping: 0.040000 ms MarkObjects: 2.323400 ms  DeleteObjects: 0.383800 ms)

Prepare: number of updated asset objects reloaded= 0
AssetImportParameters requested are different than current active one (requested -> active):
  custom:video-decoder-webm-vp8: 9c59270c3fd7afecdb556c50c9e8de78 -> 
  custom:scripting/monoscript/fileName/ModifyMass.cs: da6dc5d0d2f5c907ccb34333bfa77220 -> 
  custom:scripting/monoscript/fileName/EditorStyles.cs: 11ab1db9e92fdf6f91f7e4f8529bd1fd -> 86b9f4d8fe570a8d8295bfc466c975cf
  custom:SearchIndexIgnoredProperties: e643bd26f0fe6173181afceb89e7c659 -> 
  custom:container-demuxer-ogg: 62fdf1f143b41e24485cea50d1cbac27 -> 
  custom:scripting/monoscript/fileName/PlayerCollisionHandler.cs: 528e95f4a20c8e4eadda0b4ea3a41044 -> 
  custom:AudioImporter_EditorPlatform: d09bf68614088b80899f8185d706f6e7 -> 
  custom:scripting/monoscript/fileName/navagent.cs: 7b1b7c4d38cdc7e36bd60e3fae0b9cc5 -> 
  custom:scripting/monoscript/fileName/AdvancedCarSetup.cs: f75f6b989b32b3b4111bab65baa9ea24 -> 
  custom:scripting/monoscript/fileName/PlayerHealth.cs: 49f415306e52895faa0b0a35d62e54a1 -> 
  custom:scripting/monoscript/fileName/ConverterItemDescriptor.cs: 79cc71fb6b5eaa5117f2c548fb9d5e93 -> 8182050d34c5cb602eb7913435a7abee
  custom:video-codec-MediaFoundation-h265: 746d11721c4dcdbdad8f713fa42b33f4 -> 
  custom:scripting/monoscript/fileName/EnemyCollisionHandler.cs: a75a90ce14fb9db6572a0843399ba024 -> 
  custom:scripting/monoscript/fileName/mainmenu.cs: 2d8be2b008e2f145f25333c4204dc2e1 -> 
  custom:scripting/monoscript/fileName/CarControllers.cs: c52d95b8fc7b583db81c2d13b248d2c8 -> 
  custom:scripting/monoscript/fileName/restart.cs: 2fae288140785e4c8325a4139f0fbcaa -> 
  custom:video-decoder-ogg-theora: a1e56fd34408186e4bbccfd4996cb3dc -> 
  custom:scripting/monoscript/fileName/CarDamageHandler.cs: 7fab29d09ad408a9b4b97ed3737be0e4 -> 
  custom:scripting/monoscript/fileName/SystemConverterContainer.cs: bdec785a88883dec09abdd8ddca1fdd8 -> eb4026ea01a117ce0888f693e9eed2cd
  custom:framework-win-MediaFoundation: 216162199b28c13a410421893ffa2e32 -> 
  custom:scripting/monoscript/fileName/NewBehaviourScript.cs: b21687ddb03d73bd9f0c1daecb9714de -> 
  custom:scripting/monoscript/fileName/t.cs: 2cc03dca149d4ea6f8665346629d164c -> 
  custom:scripting/monoscript/fileName/InitializeConverterContext.cs: f9c3276ac1952bf8c8ab53a011b74d69 -> a97e19589a5774cdc2a34a28caea355f
  custom:scripting/monoscript/fileName/SystemConverter.cs: 7cde37e2d29752cb5e16f9b46b9ba9df -> c748d1769fc66e95256254a1cc1497f3
  custom:video-encoder-webm-vp8: eb34c28f22e8b96e1ab97ce403110664 -> 
  custom:audio-decoder-ogg-vorbis: bf7c407c2cedff20999df2af8eb42d56 -> 
  custom:scripting/monoscript/fileName/ConverterItemInfo.cs: 17347613d9bcd61fc21bb1087f168562 -> 9fb131dfa28a9ed6b6d00fd9cf83ece4
  custom:CustomObjectIndexerAttribute: 9a22284fe3817be447336de3de66b15e -> 
  custom:scripting/monoscript/fileName/HealthBar.cs: e02a13ebfecfefd70171c0594cf22391 -> 
  custom:scripting/monoscript/fileName/DriftEffects.cs: 198aa3cc0a05ad302e68e68757efd2ab -> 
  custom:container-demuxer-webm: 4f35f7cbe854078d1ac9338744f61a02 -> 
  custom:scripting/monoscript/fileName/EnemyChase.cs: 3a83095262844a2fb6b878062f338b2e -> 
  custom:scripting/monoscript/fileName/RunItemContext.cs: 1e36b1658d4c907e69f001bef01231f6 -> 338b2243183036c2b60f94c1b5e817c5
  custom:audio-encoder-webm-vorbis: bf7c407c2cedff20999df2af8eb42d56 -> 
  custom:scripting/monoscript/fileName/ScoreManager.cs: 2117df56b7ba23abd331d761e713022a -> 
  custom:scripting/monoscript/fileName/Car_Health.cs: c12d88a0bbfe5b2cbf22d82c53863b43 -> 
  custom:scripting/monoscript/fileName/VehiclePathFollower.cs: 1f8958758b8accca3eccc11ead7be9b4 -> 
  custom:scripting/monoscript/fileName/CarDamage.cs: d4950a786e3f191b18e2d9375c22d786 -> 
  custom:scripting/monoscript/fileName/CameraFollow.cs: de990732cc429467f8f49571d0872163 -> 
  custom:scripting/precompiled-assembly-types:Assembly-CSharp: 20c0d031f0102c51c20b528c85e12536 -> 
  custom:scripting/monoscript/fileName/SystemConvertersEditor.cs: b157cb077fe6af3401a860fcac0dab41 -> c127c1335f24b77ca70195bf2136c6a2
  custom:scripting/monoscript/fileName/CarVisualDamage.cs: 9b62164dcefaac95f1f7ed1619cfc83f -> 
  custom:container-muxer-webm: aa71ff27fc2769a1b78a27578f13a17b -> 
========================================================================
Received Prepare
Caller must complete domain reload
Begin MonoManager ReloadAssembly
- Loaded All Assemblies, in  0.303 seconds
Native extension for WindowsStandalone target not found
Native extension for Android target not found
[Package Manager] Server::EnsureServerProcessIsRunning -- launch failed, reason: Unity was launched with the -noUpm command-line argument
[Package Manager] UpmClient::Send -- Unable to send message (not connected to UPM process).
[Package Manager] Cannot connect to Unity Package Manager local server
Mono: successfully reloaded assembly
- Finished resetting the current domain, in  0.558 seconds
Domain Reload Profiling: 862ms
	BeginReloadAssembly (161ms)
		ExecutionOrderSort (0ms)
		DisableScriptedObjects (3ms)
		BackupInstance (0ms)
		ReleaseScriptingObjects (0ms)
		CreateAndSetChildDomain (23ms)
	RebuildCommonClasses (21ms)
	RebuildNativeTypeToScriptingClass (7ms)
	initialDomainReloadingComplete (14ms)
	LoadAllAssembliesAndSetupDomain (99ms)
		LoadAssemblies (144ms)
		RebuildTransferFunctionScriptingTraits (0ms)
		AnalyzeDomain (6ms)
			TypeCache.Refresh (3ms)
				TypeCache.ScanAssembly (0ms)
			ScanForSourceGeneratedMonoScriptInfo (0ms)
			ResolveRequiredComponents (2ms)
	FinalizeReload (559ms)
		ReleaseScriptCaches (0ms)
		RebuildScriptCaches (0ms)
		SetupLoadedEditorAssemblies (359ms)
			LogAssemblyErrors (0ms)
			InitializePlatformSupportModulesInManaged (11ms)
			SetLoadedEditorAssemblies (4ms)
			RefreshPlugins (0ms)
			BeforeProcessingInitializeOnLoad (31ms)
			ProcessInitializeOnLoadAttributes (293ms)
			ProcessInitializeOnLoadMethodAttributes (18ms)
			AfterProcessingInitializeOnLoad (2ms)
			EditorAssembliesLoaded (0ms)
		ExecutionOrderSort2 (0ms)
		AwakeInstancesAfterBackupRestoration (7ms)
Refreshing native plugins compatible for Editor in 0.66 ms, found 2 plugins.
Preloading 0 native plugins for Editor in 0.00 ms.
Unloading 1693 Unused Serialized files (Serialized files now loaded: 0)
Unloading 34 unused Assets / (0.8 MB). Loaded Objects now: 2175.
Memory consumption went from 92.6 MB to 91.8 MB.
Total: 2.917100 ms (FindLiveObjects: 0.203700 ms CreateObjectMapping: 0.044400 ms MarkObjects: 2.328800 ms  DeleteObjects: 0.339500 ms)

Prepare: number of updated asset objects reloaded= 0
AssetImportParameters requested are different than current active one (requested -> active):
  custom:video-decoder-webm-vp8: 9c59270c3fd7afecdb556c50c9e8de78 -> 
  custom:scripting/monoscript/fileName/ModifyMass.cs: da6dc5d0d2f5c907ccb34333bfa77220 -> 
  custom:scripting/monoscript/fileName/EditorStyles.cs: 11ab1db9e92fdf6f91f7e4f8529bd1fd -> 86b9f4d8fe570a8d8295bfc466c975cf
  custom:SearchIndexIgnoredProperties: e643bd26f0fe6173181afceb89e7c659 -> 
  custom:container-demuxer-ogg: 62fdf1f143b41e24485cea50d1cbac27 -> 
  custom:scripting/monoscript/fileName/PlayerCollisionHandler.cs: 528e95f4a20c8e4eadda0b4ea3a41044 -> 
  custom:AudioImporter_EditorPlatform: d09bf68614088b80899f8185d706f6e7 -> 
  custom:scripting/monoscript/fileName/navagent.cs: 7b1b7c4d38cdc7e36bd60e3fae0b9cc5 -> 
  custom:scripting/monoscript/fileName/AdvancedCarSetup.cs: f75f6b989b32b3b4111bab65baa9ea24 -> 
  custom:scripting/monoscript/fileName/PlayerHealth.cs: 49f415306e52895faa0b0a35d62e54a1 -> 
  custom:scripting/monoscript/fileName/ConverterItemDescriptor.cs: 79cc71fb6b5eaa5117f2c548fb9d5e93 -> 8182050d34c5cb602eb7913435a7abee
  custom:video-codec-MediaFoundation-h265: 746d11721c4dcdbdad8f713fa42b33f4 -> 
  custom:scripting/monoscript/fileName/EnemyCollisionHandler.cs: a75a90ce14fb9db6572a0843399ba024 -> 
  custom:scripting/monoscript/fileName/mainmenu.cs: 2d8be2b008e2f145f25333c4204dc2e1 -> 
  custom:scripting/monoscript/fileName/CarControllers.cs: c52d95b8fc7b583db81c2d13b248d2c8 -> 
  custom:scripting/monoscript/fileName/restart.cs: 2fae288140785e4c8325a4139f0fbcaa -> 
  custom:video-decoder-ogg-theora: a1e56fd34408186e4bbccfd4996cb3dc -> 
  custom:scripting/monoscript/fileName/CarDamageHandler.cs: 7fab29d09ad408a9b4b97ed3737be0e4 -> 
  custom:scripting/monoscript/fileName/SystemConverterContainer.cs: bdec785a88883dec09abdd8ddca1fdd8 -> eb4026ea01a117ce0888f693e9eed2cd
  custom:framework-win-MediaFoundation: 216162199b28c13a410421893ffa2e32 -> 
  custom:scripting/monoscript/fileName/NewBehaviourScript.cs: b21687ddb03d73bd9f0c1daecb9714de -> 
  custom:scripting/monoscript/fileName/t.cs: 2cc03dca149d4ea6f8665346629d164c -> 
  custom:scripting/monoscript/fileName/InitializeConverterContext.cs: f9c3276ac1952bf8c8ab53a011b74d69 -> a97e19589a5774cdc2a34a28caea355f
  custom:scripting/monoscript/fileName/SystemConverter.cs: 7cde37e2d29752cb5e16f9b46b9ba9df -> c748d1769fc66e95256254a1cc1497f3
  custom:video-encoder-webm-vp8: eb34c28f22e8b96e1ab97ce403110664 -> 
  custom:audio-decoder-ogg-vorbis: bf7c407c2cedff20999df2af8eb42d56 -> 
  custom:scripting/monoscript/fileName/ConverterItemInfo.cs: 17347613d9bcd61fc21bb1087f168562 -> 9fb131dfa28a9ed6b6d00fd9cf83ece4
  custom:CustomObjectIndexerAttribute: 9a22284fe3817be447336de3de66b15e -> 
  custom:scripting/monoscript/fileName/HealthBar.cs: e02a13ebfecfefd70171c0594cf22391 -> 
  custom:scripting/monoscript/fileName/DriftEffects.cs: 198aa3cc0a05ad302e68e68757efd2ab -> 
  custom:container-demuxer-webm: 4f35f7cbe854078d1ac9338744f61a02 -> 
  custom:scripting/monoscript/fileName/EnemyChase.cs: 3a83095262844a2fb6b878062f338b2e -> 
  custom:scripting/monoscript/fileName/RunItemContext.cs: 1e36b1658d4c907e69f001bef01231f6 -> 338b2243183036c2b60f94c1b5e817c5
  custom:audio-encoder-webm-vorbis: bf7c407c2cedff20999df2af8eb42d56 -> 
  custom:scripting/monoscript/fileName/ScoreManager.cs: 2117df56b7ba23abd331d761e713022a -> 
  custom:scripting/monoscript/fileName/Car_Health.cs: c12d88a0bbfe5b2cbf22d82c53863b43 -> 
  custom:scripting/monoscript/fileName/VehiclePathFollower.cs: 1f8958758b8accca3eccc11ead7be9b4 -> 
  custom:scripting/monoscript/fileName/CarDamage.cs: d4950a786e3f191b18e2d9375c22d786 -> 
  custom:scripting/monoscript/fileName/CameraFollow.cs: de990732cc429467f8f49571d0872163 -> 
  custom:scripting/precompiled-assembly-types:Assembly-CSharp: 20c0d031f0102c51c20b528c85e12536 -> 
  custom:scripting/monoscript/fileName/SystemConvertersEditor.cs: b157cb077fe6af3401a860fcac0dab41 -> c127c1335f24b77ca70195bf2136c6a2
  custom:scripting/monoscript/fileName/CarVisualDamage.cs: 9b62164dcefaac95f1f7ed1619cfc83f -> 
  custom:container-muxer-webm: aa71ff27fc2769a1b78a27578f13a17b -> 
========================================================================
Received Prepare
Caller must complete domain reload
Begin MonoManager ReloadAssembly
- Loaded All Assemblies, in  0.306 seconds
Native extension for WindowsStandalone target not found
Native extension for Android target not found
[Package Manager] Server::EnsureServerProcessIsRunning -- launch failed, reason: Unity was launched with the -noUpm command-line argument
[Package Manager] UpmClient::Send -- Unable to send message (not connected to UPM process).
[Package Manager] Cannot connect to Unity Package Manager local server
Mono: successfully reloaded assembly
- Finished resetting the current domain, in  0.539 seconds
Domain Reload Profiling: 845ms
	BeginReloadAssembly (163ms)
		ExecutionOrderSort (0ms)
		DisableScriptedObjects (3ms)
		BackupInstance (0ms)
		ReleaseScriptingObjects (0ms)
		CreateAndSetChildDomain (25ms)
	RebuildCommonClasses (22ms)
	RebuildNativeTypeToScriptingClass (7ms)
	initialDomainReloadingComplete (16ms)
	LoadAllAssembliesAndSetupDomain (98ms)
		LoadAssemblies (145ms)
		RebuildTransferFunctionScriptingTraits (0ms)
		AnalyzeDomain (7ms)
			TypeCache.Refresh (3ms)
				TypeCache.ScanAssembly (0ms)
			ScanForSourceGeneratedMonoScriptInfo (0ms)
			ResolveRequiredComponents (3ms)
	FinalizeReload (539ms)
		ReleaseScriptCaches (0ms)
		RebuildScriptCaches (0ms)
		SetupLoadedEditorAssemblies (340ms)
			LogAssemblyErrors (0ms)
			InitializePlatformSupportModulesInManaged (12ms)
			SetLoadedEditorAssemblies (3ms)
			RefreshPlugins (0ms)
			BeforeProcessingInitializeOnLoad (37ms)
			ProcessInitializeOnLoadAttributes (267ms)
			ProcessInitializeOnLoadMethodAttributes (19ms)
			AfterProcessingInitializeOnLoad (2ms)
			EditorAssembliesLoaded (0ms)
		ExecutionOrderSort2 (0ms)
		AwakeInstancesAfterBackupRestoration (8ms)
Refreshing native plugins compatible for Editor in 0.78 ms, found 2 plugins.
Preloading 0 native plugins for Editor in 0.00 ms.
Unloading 1693 Unused Serialized files (Serialized files now loaded: 0)
Unloading 34 unused Assets / (0.8 MB). Loaded Objects now: 2176.
Memory consumption went from 92.6 MB to 91.8 MB.
Total: 2.573600 ms (FindLiveObjects: 0.156300 ms CreateObjectMapping: 0.027600 ms MarkObjects: 2.040000 ms  DeleteObjects: 0.348600 ms)

Prepare: number of updated asset objects reloaded= 0
AssetImportParameters requested are different than current active one (requested -> active):
  custom:video-decoder-webm-vp8: 9c59270c3fd7afecdb556c50c9e8de78 -> 
  custom:scripting/monoscript/fileName/ModifyMass.cs: da6dc5d0d2f5c907ccb34333bfa77220 -> 
  custom:scripting/monoscript/fileName/EditorStyles.cs: 11ab1db9e92fdf6f91f7e4f8529bd1fd -> 86b9f4d8fe570a8d8295bfc466c975cf
  custom:SearchIndexIgnoredProperties: e643bd26f0fe6173181afceb89e7c659 -> 
  custom:container-demuxer-ogg: 62fdf1f143b41e24485cea50d1cbac27 -> 
  custom:scripting/monoscript/fileName/PlayerCollisionHandler.cs: 528e95f4a20c8e4eadda0b4ea3a41044 -> 
  custom:AudioImporter_EditorPlatform: d09bf68614088b80899f8185d706f6e7 -> 
  custom:scripting/monoscript/fileName/navagent.cs: 7b1b7c4d38cdc7e36bd60e3fae0b9cc5 -> 
  custom:scripting/monoscript/fileName/AdvancedCarSetup.cs: f75f6b989b32b3b4111bab65baa9ea24 -> 
  custom:scripting/monoscript/fileName/PlayerHealth.cs: 49f415306e52895faa0b0a35d62e54a1 -> 
  custom:scripting/monoscript/fileName/ConverterItemDescriptor.cs: 79cc71fb6b5eaa5117f2c548fb9d5e93 -> 8182050d34c5cb602eb7913435a7abee
  custom:video-codec-MediaFoundation-h265: 746d11721c4dcdbdad8f713fa42b33f4 -> 
  custom:scripting/monoscript/fileName/EnemyCollisionHandler.cs: a75a90ce14fb9db6572a0843399ba024 -> 
  custom:scripting/monoscript/fileName/mainmenu.cs: 2d8be2b008e2f145f25333c4204dc2e1 -> 
  custom:scripting/monoscript/fileName/CarControllers.cs: c52d95b8fc7b583db81c2d13b248d2c8 -> 
  custom:scripting/monoscript/fileName/restart.cs: 2fae288140785e4c8325a4139f0fbcaa -> 
  custom:video-decoder-ogg-theora: a1e56fd34408186e4bbccfd4996cb3dc -> 
  custom:scripting/monoscript/fileName/CarDamageHandler.cs: 7fab29d09ad408a9b4b97ed3737be0e4 -> 
  custom:scripting/monoscript/fileName/SystemConverterContainer.cs: bdec785a88883dec09abdd8ddca1fdd8 -> eb4026ea01a117ce0888f693e9eed2cd
  custom:framework-win-MediaFoundation: 216162199b28c13a410421893ffa2e32 -> 
  custom:scripting/monoscript/fileName/NewBehaviourScript.cs: b21687ddb03d73bd9f0c1daecb9714de -> 
  custom:scripting/monoscript/fileName/t.cs: 2cc03dca149d4ea6f8665346629d164c -> 
  custom:scripting/monoscript/fileName/InitializeConverterContext.cs: f9c3276ac1952bf8c8ab53a011b74d69 -> a97e19589a5774cdc2a34a28caea355f
  custom:scripting/monoscript/fileName/SystemConverter.cs: 7cde37e2d29752cb5e16f9b46b9ba9df -> c748d1769fc66e95256254a1cc1497f3
  custom:video-encoder-webm-vp8: eb34c28f22e8b96e1ab97ce403110664 -> 
  custom:audio-decoder-ogg-vorbis: bf7c407c2cedff20999df2af8eb42d56 -> 
  custom:scripting/monoscript/fileName/ConverterItemInfo.cs: 17347613d9bcd61fc21bb1087f168562 -> 9fb131dfa28a9ed6b6d00fd9cf83ece4
  custom:CustomObjectIndexerAttribute: 9a22284fe3817be447336de3de66b15e -> 
  custom:scripting/monoscript/fileName/HealthBar.cs: e02a13ebfecfefd70171c0594cf22391 -> 
  custom:scripting/monoscript/fileName/DriftEffects.cs: 198aa3cc0a05ad302e68e68757efd2ab -> 
  custom:container-demuxer-webm: 4f35f7cbe854078d1ac9338744f61a02 -> 
  custom:scripting/monoscript/fileName/EnemyChase.cs: 3a83095262844a2fb6b878062f338b2e -> 
  custom:scripting/monoscript/fileName/RunItemContext.cs: 1e36b1658d4c907e69f001bef01231f6 -> 338b2243183036c2b60f94c1b5e817c5
  custom:audio-encoder-webm-vorbis: bf7c407c2cedff20999df2af8eb42d56 -> 
  custom:scripting/monoscript/fileName/ScoreManager.cs: 2117df56b7ba23abd331d761e713022a -> 
  custom:scripting/monoscript/fileName/Car_Health.cs: c12d88a0bbfe5b2cbf22d82c53863b43 -> 
  custom:scripting/monoscript/fileName/VehiclePathFollower.cs: 1f8958758b8accca3eccc11ead7be9b4 -> 
  custom:scripting/monoscript/fileName/CarDamage.cs: d4950a786e3f191b18e2d9375c22d786 -> 
  custom:scripting/monoscript/fileName/CameraFollow.cs: de990732cc429467f8f49571d0872163 -> 
  custom:scripting/precompiled-assembly-types:Assembly-CSharp: 20c0d031f0102c51c20b528c85e12536 -> 
  custom:scripting/monoscript/fileName/SystemConvertersEditor.cs: b157cb077fe6af3401a860fcac0dab41 -> c127c1335f24b77ca70195bf2136c6a2
  custom:scripting/monoscript/fileName/CarVisualDamage.cs: 9b62164dcefaac95f1f7ed1619cfc83f -> 
  custom:container-muxer-webm: aa71ff27fc2769a1b78a27578f13a17b -> 
========================================================================
Received Prepare
Caller must complete domain reload
Begin MonoManager ReloadAssembly
- Loaded All Assemblies, in  0.314 seconds
Native extension for WindowsStandalone target not found
Native extension for Android target not found
[Package Manager] Server::EnsureServerProcessIsRunning -- launch failed, reason: Unity was launched with the -noUpm command-line argument
[Package Manager] UpmClient::Send -- Unable to send message (not connected to UPM process).
[Package Manager] Cannot connect to Unity Package Manager local server
Mono: successfully reloaded assembly
- Finished resetting the current domain, in  0.539 seconds
Domain Reload Profiling: 854ms
	BeginReloadAssembly (157ms)
		ExecutionOrderSort (0ms)
		DisableScriptedObjects (3ms)
		BackupInstance (0ms)
		ReleaseScriptingObjects (0ms)
		CreateAndSetChildDomain (23ms)
	RebuildCommonClasses (22ms)
	RebuildNativeTypeToScriptingClass (8ms)
	initialDomainReloadingComplete (17ms)
	LoadAllAssembliesAndSetupDomain (110ms)
		LoadAssemblies (148ms)
		RebuildTransferFunctionScriptingTraits (0ms)
		AnalyzeDomain (14ms)
			TypeCache.Refresh (5ms)
				TypeCache.ScanAssembly (0ms)
			ScanForSourceGeneratedMonoScriptInfo (5ms)
			ResolveRequiredComponents (2ms)
	FinalizeReload (540ms)
		ReleaseScriptCaches (0ms)
		RebuildScriptCaches (0ms)
		SetupLoadedEditorAssemblies (342ms)
			LogAssemblyErrors (0ms)
			InitializePlatformSupportModulesInManaged (12ms)
			SetLoadedEditorAssemblies (3ms)
			RefreshPlugins (0ms)
			BeforeProcessingInitializeOnLoad (34ms)
			ProcessInitializeOnLoadAttributes (271ms)
			ProcessInitializeOnLoadMethodAttributes (21ms)
			AfterProcessingInitializeOnLoad (2ms)
			EditorAssembliesLoaded (0ms)
		ExecutionOrderSort2 (0ms)
		AwakeInstancesAfterBackupRestoration (6ms)
Refreshing native plugins compatible for Editor in 0.76 ms, found 2 plugins.
Preloading 0 native plugins for Editor in 0.00 ms.
Unloading 1693 Unused Serialized files (Serialized files now loaded: 0)
Unloading 34 unused Assets / (0.8 MB). Loaded Objects now: 2177.
Memory consumption went from 92.6 MB to 91.8 MB.
Total: 2.276200 ms (FindLiveObjects: 0.125000 ms CreateObjectMapping: 0.024800 ms MarkObjects: 1.804600 ms  DeleteObjects: 0.320600 ms)

Prepare: number of updated asset objects reloaded= 0
AssetImportParameters requested are different than current active one (requested -> active):
  custom:video-decoder-webm-vp8: 9c59270c3fd7afecdb556c50c9e8de78 -> 
  custom:scripting/monoscript/fileName/ModifyMass.cs: da6dc5d0d2f5c907ccb34333bfa77220 -> 
  custom:scripting/monoscript/fileName/EditorStyles.cs: 11ab1db9e92fdf6f91f7e4f8529bd1fd -> 86b9f4d8fe570a8d8295bfc466c975cf
  custom:SearchIndexIgnoredProperties: e643bd26f0fe6173181afceb89e7c659 -> 
  custom:container-demuxer-ogg: 62fdf1f143b41e24485cea50d1cbac27 -> 
  custom:scripting/monoscript/fileName/PlayerCollisionHandler.cs: 528e95f4a20c8e4eadda0b4ea3a41044 -> 
  custom:AudioImporter_EditorPlatform: d09bf68614088b80899f8185d706f6e7 -> 
  custom:scripting/monoscript/fileName/navagent.cs: 7b1b7c4d38cdc7e36bd60e3fae0b9cc5 -> 
  custom:scripting/monoscript/fileName/AdvancedCarSetup.cs: f75f6b989b32b3b4111bab65baa9ea24 -> 
  custom:scripting/monoscript/fileName/PlayerHealth.cs: 49f415306e52895faa0b0a35d62e54a1 -> 
  custom:scripting/monoscript/fileName/ConverterItemDescriptor.cs: 79cc71fb6b5eaa5117f2c548fb9d5e93 -> 8182050d34c5cb602eb7913435a7abee
  custom:video-codec-MediaFoundation-h265: 746d11721c4dcdbdad8f713fa42b33f4 -> 
  custom:scripting/monoscript/fileName/EnemyCollisionHandler.cs: a75a90ce14fb9db6572a0843399ba024 -> 
  custom:scripting/monoscript/fileName/mainmenu.cs: 2d8be2b008e2f145f25333c4204dc2e1 -> 
  custom:scripting/monoscript/fileName/CarControllers.cs: c52d95b8fc7b583db81c2d13b248d2c8 -> 
  custom:scripting/monoscript/fileName/restart.cs: 2fae288140785e4c8325a4139f0fbcaa -> 
  custom:video-decoder-ogg-theora: a1e56fd34408186e4bbccfd4996cb3dc -> 
  custom:scripting/monoscript/fileName/CarDamageHandler.cs: 7fab29d09ad408a9b4b97ed3737be0e4 -> 
  custom:scripting/monoscript/fileName/SystemConverterContainer.cs: bdec785a88883dec09abdd8ddca1fdd8 -> eb4026ea01a117ce0888f693e9eed2cd
  custom:framework-win-MediaFoundation: 216162199b28c13a410421893ffa2e32 -> 
  custom:scripting/monoscript/fileName/NewBehaviourScript.cs: b21687ddb03d73bd9f0c1daecb9714de -> 
  custom:scripting/monoscript/fileName/t.cs: 2cc03dca149d4ea6f8665346629d164c -> 
  custom:scripting/monoscript/fileName/InitializeConverterContext.cs: f9c3276ac1952bf8c8ab53a011b74d69 -> a97e19589a5774cdc2a34a28caea355f
  custom:scripting/monoscript/fileName/SystemConverter.cs: 7cde37e2d29752cb5e16f9b46b9ba9df -> c748d1769fc66e95256254a1cc1497f3
  custom:video-encoder-webm-vp8: eb34c28f22e8b96e1ab97ce403110664 -> 
  custom:audio-decoder-ogg-vorbis: bf7c407c2cedff20999df2af8eb42d56 -> 
  custom:scripting/monoscript/fileName/ConverterItemInfo.cs: 17347613d9bcd61fc21bb1087f168562 -> 9fb131dfa28a9ed6b6d00fd9cf83ece4
  custom:CustomObjectIndexerAttribute: 9a22284fe3817be447336de3de66b15e -> 
  custom:scripting/monoscript/fileName/HealthBar.cs: e02a13ebfecfefd70171c0594cf22391 -> 
  custom:scripting/monoscript/fileName/DriftEffects.cs: 198aa3cc0a05ad302e68e68757efd2ab -> 
  custom:container-demuxer-webm: 4f35f7cbe854078d1ac9338744f61a02 -> 
  custom:scripting/monoscript/fileName/EnemyChase.cs: 3a83095262844a2fb6b878062f338b2e -> 
  custom:scripting/monoscript/fileName/RunItemContext.cs: 1e36b1658d4c907e69f001bef01231f6 -> 338b2243183036c2b60f94c1b5e817c5
  custom:audio-encoder-webm-vorbis: bf7c407c2cedff20999df2af8eb42d56 -> 
  custom:scripting/monoscript/fileName/ScoreManager.cs: 2117df56b7ba23abd331d761e713022a -> 
  custom:scripting/monoscript/fileName/Car_Health.cs: c12d88a0bbfe5b2cbf22d82c53863b43 -> 
  custom:scripting/monoscript/fileName/VehiclePathFollower.cs: 1f8958758b8accca3eccc11ead7be9b4 -> 
  custom:scripting/monoscript/fileName/CarDamage.cs: d4950a786e3f191b18e2d9375c22d786 -> 
  custom:scripting/monoscript/fileName/CameraFollow.cs: de990732cc429467f8f49571d0872163 -> 
  custom:scripting/precompiled-assembly-types:Assembly-CSharp: 20c0d031f0102c51c20b528c85e12536 -> 
  custom:scripting/monoscript/fileName/SystemConvertersEditor.cs: b157cb077fe6af3401a860fcac0dab41 -> c127c1335f24b77ca70195bf2136c6a2
  custom:scripting/monoscript/fileName/CarVisualDamage.cs: 9b62164dcefaac95f1f7ed1619cfc83f -> 
  custom:container-muxer-webm: aa71ff27fc2769a1b78a27578f13a17b -> 
========================================================================
Received Import Request.
  Time since last request: 548.403714 seconds.
  path: Assets/Run (2).fbm/whiteclown_diffuse.png
  artifactKey: Guid(8cdd31ac208456b4589ff88a33729d14) Importer(815301076,1909f56bfc062723c751e8b465ee728b)
Start importing Assets/Run (2).fbm/whiteclown_diffuse.png using Guid(8cdd31ac208456b4589ff88a33729d14) Importer(815301076,1909f56bfc062723c751e8b465ee728b) [PhysX] Initialized MultithreadedTaskDispatcher with 16 workers.
[PhysX] Initialized MultithreadedTaskDispatcher with 16 workers.
 -> (artifact id: '9430a5953c052bc995be856e3d75d5eb') in 0.057430 seconds
Number of updated asset objects reloaded before import = 0
Number of asset objects unloaded after import = 2
========================================================================
Received Import Request.
  Time since last request: 0.000025 seconds.
  path: Assets/Run (2).fbm/whiteclown_specular.png
  artifactKey: Guid(2418ea28670eefd42828dbac8e8b14a1) Importer(815301076,1909f56bfc062723c751e8b465ee728b)
Start importing Assets/Run (2).fbm/whiteclown_specular.png using Guid(2418ea28670eefd42828dbac8e8b14a1) Importer(815301076,1909f56bfc062723c751e8b465ee728b) [PhysX] Initialized MultithreadedTaskDispatcher with 16 workers.
[PhysX] Initialized MultithreadedTaskDispatcher with 16 workers.
 -> (artifact id: 'b65676e1b72d4406c0ec7069163b7cfa') in 0.007996 seconds
Number of updated asset objects reloaded before import = 0
Number of asset objects unloaded after import = 2
========================================================================
Received Import Request.
  Time since last request: 4.828156 seconds.
  path: Assets/animation
  artifactKey: Guid(8cb22bb14904e1c4080ac9e89e40c99f) Importer(815301076,1909f56bfc062723c751e8b465ee728b)
Start importing Assets/animation using Guid(8cb22bb14904e1c4080ac9e89e40c99f) Importer(815301076,1909f56bfc062723c751e8b465ee728b) [PhysX] Initialized MultithreadedTaskDispatcher with 16 workers.
 -> (artifact id: '9a2630abff2ad533239149c51b213298') in 0.000934 seconds
Number of updated asset objects reloaded before import = 0
Number of asset objects unloaded after import = 0
========================================================================
Received Import Request.
  Time since last request: 0.074002 seconds.
  path: Assets/animation/Ch23_nonPBR@Running.fbx
  artifactKey: Guid(0fb6d821e9247cd4dbb91c2fa1fb298e) Importer(815301076,1909f56bfc062723c751e8b465ee728b)
Start importing Assets/animation/Ch23_nonPBR@Running.fbx using Guid(0fb6d821e9247cd4dbb91c2fa1fb298e) Importer(815301076,1909f56bfc062723c751e8b465ee728b) [PhysX] Initialized MultithreadedTaskDispatcher with 16 workers.
 -> (artifact id: 'bd8799c0d42a26e64e4ba52b615db269') in 0.014677 seconds
Number of updated asset objects reloaded before import = 0
Number of asset objects unloaded after import = 135
========================================================================
Received Import Request.
  Time since last request: 0.185831 seconds.
  path: Assets/animation/Run (2).fbx
  artifactKey: Guid(73b515c3fbd44354ea8e6d701747664e) Importer(815301076,1909f56bfc062723c751e8b465ee728b)
Start importing Assets/animation/Run (2).fbx using Guid(73b515c3fbd44354ea8e6d701747664e) Importer(815301076,1909f56bfc062723c751e8b465ee728b) [PhysX] Initialized MultithreadedTaskDispatcher with 16 workers.
[PhysX] Initialized MultithreadedTaskDispatcher with 16 workers.
[PhysX] Initialized MultithreadedTaskDispatcher with 16 workers.
[PhysX] Initialized MultithreadedTaskDispatcher with 16 workers.
 -> (artifact id: '4ba42b591cd07aface638cb81e6f144a') in 0.223867 seconds
Number of updated asset objects reloaded before import = 0
Number of asset objects unloaded after import = 146
========================================================================
Received Import Request.
  Time since last request: 27.934710 seconds.
  path: Assets/SimplePoly City - Low Poly Assets/Prefab/Vehicles/Vehicle with Separated Wheels/Vehicle_Bus_color01_separate.prefab
  artifactKey: Guid(de535534204e83f4e84497ac553192eb) Importer(815301076,1909f56bfc062723c751e8b465ee728b)
Start importing Assets/SimplePoly City - Low Poly Assets/Prefab/Vehicles/Vehicle with Separated Wheels/Vehicle_Bus_color01_separate.prefab using Guid(de535534204e83f4e84497ac553192eb) Importer(815301076,1909f56bfc062723c751e8b465ee728b) [PhysX] Initialized MultithreadedTaskDispatcher with 16 workers.
[PhysX] Initialized MultithreadedTaskDispatcher with 16 workers.
 -> (artifact id: 'bdc55c6501e24ab07bc4dc982c4cea1a') in 0.011487 seconds
Number of updated asset objects reloaded before import = 0
Number of asset objects unloaded after import = 31
========================================================================
Received Import Request.
  Time since last request: 0.189498 seconds.
  path: Assets/SimplePoly City - Low Poly Assets/Prefab/Vehicles/Vehicle with Separated Wheels/Vehicle_Car_color01_separate.prefab
  artifactKey: Guid(d267fbb9e36c6e4458c9a8756d725a79) Importer(815301076,1909f56bfc062723c751e8b465ee728b)
Start importing Assets/SimplePoly City - Low Poly Assets/Prefab/Vehicles/Vehicle with Separated Wheels/Vehicle_Car_color01_separate.prefab using Guid(d267fbb9e36c6e4458c9a8756d725a79) Importer(815301076,1909f56bfc062723c751e8b465ee728b) [PhysX] Initialized MultithreadedTaskDispatcher with 16 workers.
[PhysX] Initialized MultithreadedTaskDispatcher with 16 workers.
 -> (artifact id: '27d516613e5abb9c24f67976742358d8') in 0.009416 seconds
Number of updated asset objects reloaded before import = 0
Number of asset objects unloaded after import = 31
========================================================================
Received Import Request.
  Time since last request: 0.000016 seconds.
  path: Assets/SimplePoly City - Low Poly Assets/Prefab/Vehicles/Vehicle with Separated Wheels/Vehicle_Container_color03_separate.prefab
  artifactKey: Guid(a8a6e2e210e71bc4ab5ba85122928ac8) Importer(815301076,1909f56bfc062723c751e8b465ee728b)
Start importing Assets/SimplePoly City - Low Poly Assets/Prefab/Vehicles/Vehicle with Separated Wheels/Vehicle_Container_color03_separate.prefab using Guid(a8a6e2e210e71bc4ab5ba85122928ac8) Importer(815301076,1909f56bfc062723c751e8b465ee728b) [PhysX] Initialized MultithreadedTaskDispatcher with 16 workers.
[PhysX] Initialized MultithreadedTaskDispatcher with 16 workers.
 -> (artifact id: '3e7695e4defeca035be48e45154d1959') in 0.012327 seconds
Number of updated asset objects reloaded before import = 0
Number of asset objects unloaded after import = 41
========================================================================
Received Import Request.
  Time since last request: 0.000014 seconds.
  path: Assets/SimplePoly City - Low Poly Assets/Prefab/Vehicles/Vehicle with Separated Wheels/Vehicle_Container_color01_separate.prefab
  artifactKey: Guid(b836817eff26a034bbd13884590ce648) Importer(815301076,1909f56bfc062723c751e8b465ee728b)
Start importing Assets/SimplePoly City - Low Poly Assets/Prefab/Vehicles/Vehicle with Separated Wheels/Vehicle_Container_color01_separate.prefab using Guid(b836817eff26a034bbd13884590ce648) Importer(815301076,1909f56bfc062723c751e8b465ee728b) [PhysX] Initialized MultithreadedTaskDispatcher with 16 workers.
[PhysX] Initialized MultithreadedTaskDispatcher with 16 workers.
 -> (artifact id: 'f5e9f6595e5ac7e6c81f9ba26d93839b') in 0.017017 seconds
Number of updated asset objects reloaded before import = 0
Number of asset objects unloaded after import = 41
========================================================================
Received Import Request.
  Time since last request: 0.000021 seconds.
  path: Assets/SimplePoly City - Low Poly Assets/Prefab/Vehicles/Vehicle with Separated Wheels/Vehicle_Truck_color01_separate.prefab
  artifactKey: Guid(636cb627739652c418fcc4f683a138b1) Importer(815301076,1909f56bfc062723c751e8b465ee728b)
Start importing Assets/SimplePoly City - Low Poly Assets/Prefab/Vehicles/Vehicle with Separated Wheels/Vehicle_Truck_color01_separate.prefab using Guid(636cb627739652c418fcc4f683a138b1) Importer(815301076,1909f56bfc062723c751e8b465ee728b) [PhysX] Initialized MultithreadedTaskDispatcher with 16 workers.
[PhysX] Initialized MultithreadedTaskDispatcher with 16 workers.
 -> (artifact id: 'eaf6adb5d1ebc5e2ccf17e01a244e484') in 0.012196 seconds
Number of updated asset objects reloaded before import = 0
Number of asset objects unloaded after import = 41
========================================================================
Received Import Request.
  Time since last request: 0.000023 seconds.
  path: Assets/SimplePoly City - Low Poly Assets/Prefab/Vehicles/Vehicle with Separated Wheels/Vehicle_Pick up Truck_color02_separate.prefab
  artifactKey: Guid(b1969db97c2d8604ba4bfe3000a13858) Importer(815301076,1909f56bfc062723c751e8b465ee728b)
Start importing Assets/SimplePoly City - Low Poly Assets/Prefab/Vehicles/Vehicle with Separated Wheels/Vehicle_Pick up Truck_color02_separate.prefab using Guid(b1969db97c2d8604ba4bfe3000a13858) Importer(815301076,1909f56bfc062723c751e8b465ee728b) [PhysX] Initialized MultithreadedTaskDispatcher with 16 workers.
[PhysX] Initialized MultithreadedTaskDispatcher with 16 workers.
 -> (artifact id: 'cd71fe1901092cc6d32ed89aa178138f') in 0.012389 seconds
Number of updated asset objects reloaded before import = 0
Number of asset objects unloaded after import = 31
========================================================================
Received Import Request.
  Time since last request: 0.000019 seconds.
  path: Assets/SimplePoly City - Low Poly Assets/Prefab/Vehicles/Vehicle with Separated Wheels/Vehicle_Taxi_separate.prefab
  artifactKey: Guid(fba5e236738a7c940b3a8d031c307794) Importer(815301076,1909f56bfc062723c751e8b465ee728b)
Start importing Assets/SimplePoly City - Low Poly Assets/Prefab/Vehicles/Vehicle with Separated Wheels/Vehicle_Taxi_separate.prefab using Guid(fba5e236738a7c940b3a8d031c307794) Importer(815301076,1909f56bfc062723c751e8b465ee728b) [PhysX] Initialized MultithreadedTaskDispatcher with 16 workers.
[PhysX] Initialized MultithreadedTaskDispatcher with 16 workers.
 -> (artifact id: 'f66d9f9da5c33a1461cff89e98d946bb') in 0.008776 seconds
Number of updated asset objects reloaded before import = 0
Number of asset objects unloaded after import = 31
Editor requested this worker to shutdown with reason: Scaling down because of idle timeout
TcpMessagingSession - receive error: operation aborted. errorcode: 995, details: The I/O operation has been aborted because of either a thread exit or an application request.
AssetImportWorker is now disconnected from the server
Process exiting
Exiting without the bug reporter. Application will terminate with return code 0